TN:
SF:middleware.ts
FN:16,middleware
FN:27,(anonymous_4)
FNF:2
FNH:0
FNDA:0,middleware
FNDA:0,(anonymous_4)
DA:1,0
DA:3,0
DA:6,0
DA:16,0
DA:18,0
DA:21,0
DA:22,0
DA:26,0
DA:27,0
DA:30,0
DA:31,0
DA:33,0
DA:34,0
DA:35,0
DA:36,0
DA:40,0
DA:43,0
LF:17
LH:0
BRDA:21,0,0,0
BRDA:21,0,1,0
BRDA:21,1,0,0
BRDA:21,1,1,0
BRDA:27,2,0,0
BRDA:27,2,1,0
BRDA:30,3,0,0
BRDA:30,3,1,0
BRDA:33,4,0,0
BRDA:33,4,1,0
BRF:10
BRH:0
end_of_record
TN:
SF:app/global-error.tsx
FN:10,GlobalError
FN:11,(anonymous_2)
FNF:2
FNH:0
FNDA:0,GlobalError
FNDA:0,(anonymous_2)
DA:3,0
DA:10,0
DA:11,0
DA:12,0
LF:4
LH:0
BRDA:45,0,0,0
BRF:1
BRH:0
end_of_record
TN:
SF:app/layout.tsx
FN:11,RootLayout
FNF:1
FNH:0
FNDA:0,RootLayout
DA:2,0
DA:3,0
DA:4,0
DA:6,0
DA:11,0
LF:5
LH:0
BRF:0
BRH:0
end_of_record
TN:
SF:app/(pages)/(dashboard)/DashboardPageClient.tsx
FN:21,(anonymous_5)
FN:21,(anonymous_6)
FN:22,(anonymous_7)
FN:22,(anonymous_8)
FN:23,(anonymous_9)
FN:23,(anonymous_10)
FN:38,DashboardPageClient
FN:58,(anonymous_12)
FN:63,(anonymous_13)
FN:66,(anonymous_14)
FN:71,(anonymous_15)
FN:76,(anonymous_16)
FN:81,(anonymous_17)
FN:123,(anonymous_18)
FN:166,(anonymous_19)
FN:167,(anonymous_20)
FN:168,(anonymous_21)
FN:169,(anonymous_22)
FN:172,(anonymous_23)
FN:184,(anonymous_24)
FN:193,(anonymous_25)
FN:199,(anonymous_26)
FN:205,(anonymous_27)
FN:211,(anonymous_28)
FN:217,(anonymous_29)
FN:224,(anonymous_30)
FN:236,(anonymous_31)
FN:248,(anonymous_32)
FNF:28
FNH:0
FNDA:0,(anonymous_5)
FNDA:0,(anonymous_6)
FNDA:0,(anonymous_7)
FNDA:0,(anonymous_8)
FNDA:0,(anonymous_9)
FNDA:0,(anonymous_10)
FNDA:0,DashboardPageClient
FNDA:0,(anonymous_12)
FNDA:0,(anonymous_13)
FNDA:0,(anonymous_14)
FNDA:0,(anonymous_15)
FNDA:0,(anonymous_16)
FNDA:0,(anonymous_17)
FNDA:0,(anonymous_18)
FNDA:0,(anonymous_19)
FNDA:0,(anonymous_20)
FNDA:0,(anonymous_21)
FNDA:0,(anonymous_22)
FNDA:0,(anonymous_23)
FNDA:0,(anonymous_24)
FNDA:0,(anonymous_25)
FNDA:0,(anonymous_26)
FNDA:0,(anonymous_27)
FNDA:0,(anonymous_28)
FNDA:0,(anonymous_29)
FNDA:0,(anonymous_30)
FNDA:0,(anonymous_31)
FNDA:0,(anonymous_32)
DA:3,0
DA:4,0
DA:5,0
DA:6,0
DA:7,0
DA:8,0
DA:9,0
DA:10,0
DA:11,0
DA:12,0
DA:13,0
DA:14,0
DA:15,0
DA:16,0
DA:17,0
DA:18,0
DA:21,0
DA:22,0
DA:23,0
DA:25,0
DA:26,0
DA:27,0
DA:38,0
DA:45,0
DA:46,0
DA:47,0
DA:48,0
DA:49,0
DA:50,0
DA:51,0
DA:52,0
DA:53,0
DA:54,0
DA:55,0
DA:56,0
DA:58,0
DA:59,0
DA:60,0
DA:61,0
DA:62,0
DA:63,0
DA:66,0
DA:67,0
DA:68,0
DA:71,0
DA:72,0
DA:73,0
DA:76,0
DA:77,0
DA:78,0
DA:81,0
DA:82,0
DA:83,0
DA:86,0
DA:87,0
DA:123,0
DA:166,0
DA:167,0
DA:168,0
DA:169,0
DA:172,0
DA:184,0
DA:193,0
DA:199,0
DA:205,0
DA:211,0
DA:217,0
DA:225,0
DA:226,0
DA:237,0
DA:238,0
DA:249,0
DA:250,0
LF:73
LH:0
BRDA:47,0,0,0
BRDA:47,0,1,0
BRDA:48,1,0,0
BRDA:48,1,1,0
BRDA:49,2,0,0
BRDA:49,2,1,0
BRDA:50,3,0,0
BRDA:50,3,1,0
BRDA:51,4,0,0
BRDA:51,4,1,0
BRDA:86,5,0,0
BRDA:86,5,1,0
BRDA:86,6,0,0
BRDA:86,6,1,0
BRDA:91,7,0,0
BRDA:91,7,1,0
BRDA:93,8,0,0
BRDA:107,9,0,0
BRDA:107,9,1,0
BRDA:109,10,0,0
BRDA:109,10,1,0
BRDA:114,11,0,0
BRDA:114,11,1,0
BRDA:116,12,0,0
BRDA:116,12,1,0
BRDA:121,13,0,0
BRDA:135,14,0,0
BRDA:135,14,1,0
BRDA:142,15,0,0
BRDA:171,16,0,0
BRDA:171,16,1,0
BRDA:221,17,0,0
BRDA:233,18,0,0
BRDA:245,19,0,0
BRF:34
BRH:0
end_of_record
TN:
SF:app/(pages)/(dashboard)/error.tsx
FN:11,DashboardError
FN:12,(anonymous_2)
FNF:2
FNH:0
FNDA:0,DashboardError
FNDA:0,(anonymous_2)
DA:3,0
DA:4,0
DA:11,0
DA:12,0
DA:13,0
LF:5
LH:0
BRDA:28,0,0,0
BRDA:28,0,1,0
BRDA:31,1,0,0
BRF:3
BRH:0
end_of_record
TN:
SF:app/(pages)/(dashboard)/layout.tsx
FN:10,DashboardLayout
FN:38,(anonymous_3)
FN:55,(anonymous_4)
FNF:3
FNH:0
FNDA:0,DashboardLayout
FNDA:0,(anonymous_3)
FNDA:0,(anonymous_4)
DA:3,0
DA:4,0
DA:5,0
DA:6,0
DA:7,0
DA:8,0
DA:10,0
DA:15,0
DA:16,0
DA:17,0
DA:19,0
DA:27,0
DA:28,0
DA:31,0
DA:38,0
DA:55,0
LF:16
LH:0
BRDA:19,0,0,0
BRDA:19,0,1,0
BRDA:27,1,0,0
BRDA:27,1,1,0
BRDA:31,2,0,0
BRDA:31,2,1,0
BRDA:36,3,0,0
BRDA:36,3,1,0
BRDA:50,4,0,0
BRDA:50,4,1,0
BRDA:50,4,2,0
BRDA:58,5,0,0
BRDA:58,5,1,0
BRF:13
BRH:0
end_of_record
TN:
SF:app/(pages)/(dashboard)/loading.tsx
FN:1,Loading
FNF:1
FNH:0
FNDA:0,Loading
DA:1,0
LF:1
LH:0
BRF:0
BRH:0
end_of_record
TN:
SF:app/(pages)/(dashboard)/admin/invitations/InvitationsPageClient.tsx
FN:31,InvitationsPageClient
FN:69,(anonymous_3)
FN:73,(anonymous_4)
FN:85,(anonymous_5)
FN:89,(anonymous_6)
FN:95,(anonymous_7)
FN:99,(anonymous_8)
FN:109,(anonymous_9)
FN:124,(anonymous_10)
FN:140,(anonymous_11)
FN:143,(anonymous_12)
FN:148,(anonymous_13)
FN:149,(anonymous_14)
FN:153,(anonymous_15)
FN:171,(anonymous_16)
FN:172,(anonymous_17)
FN:187,(anonymous_18)
FN:211,(anonymous_19)
FN:224,(anonymous_20)
FN:230,(anonymous_21)
FN:241,(anonymous_22)
FN:242,(anonymous_23)
FN:281,(anonymous_24)
FN:319,(anonymous_25)
FN:337,(anonymous_26)
FN:352,(anonymous_27)
FN:377,(anonymous_28)
FN:391,(anonymous_29)
FN:399,(anonymous_30)
FN:403,(anonymous_31)
FN:433,(anonymous_32)
FN:442,(anonymous_33)
FN:456,(anonymous_34)
FN:469,(anonymous_35)
FN:473,(anonymous_36)
FN:505,(anonymous_37)
FN:508,(anonymous_38)
FN:542,(anonymous_39)
FN:569,(anonymous_40)
FNF:39
FNH:0
FNDA:0,InvitationsPageClient
FNDA:0,(anonymous_3)
FNDA:0,(anonymous_4)
FNDA:0,(anonymous_5)
FNDA:0,(anonymous_6)
FNDA:0,(anonymous_7)
FNDA:0,(anonymous_8)
FNDA:0,(anonymous_9)
FNDA:0,(anonymous_10)
FNDA:0,(anonymous_11)
FNDA:0,(anonymous_12)
FNDA:0,(anonymous_13)
FNDA:0,(anonymous_14)
FNDA:0,(anonymous_15)
FNDA:0,(anonymous_16)
FNDA:0,(anonymous_17)
FNDA:0,(anonymous_18)
FNDA:0,(anonymous_19)
FNDA:0,(anonymous_20)
FNDA:0,(anonymous_21)
FNDA:0,(anonymous_22)
FNDA:0,(anonymous_23)
FNDA:0,(anonymous_24)
FNDA:0,(anonymous_25)
FNDA:0,(anonymous_26)
FNDA:0,(anonymous_27)
FNDA:0,(anonymous_28)
FNDA:0,(anonymous_29)
FNDA:0,(anonymous_30)
FNDA:0,(anonymous_31)
FNDA:0,(anonymous_32)
FNDA:0,(anonymous_33)
FNDA:0,(anonymous_34)
FNDA:0,(anonymous_35)
FNDA:0,(anonymous_36)
FNDA:0,(anonymous_37)
FNDA:0,(anonymous_38)
FNDA:0,(anonymous_39)
FNDA:0,(anonymous_40)
DA:3,0
DA:5,0
DA:6,0
DA:7,0
DA:8,0
DA:23,0
DA:31,0
DA:37,0
DA:40,0
DA:41,0
DA:43,0
DA:44,0
DA:45,0
DA:46,0
DA:47,0
DA:53,0
DA:56,0
DA:59,0
DA:60,0
DA:61,0
DA:64,0
DA:67,0
DA:69,0
DA:70,0
DA:71,0
DA:73,0
DA:74,0
DA:75,0
DA:76,0
DA:77,0
DA:78,0
DA:80,0
DA:85,0
DA:86,0
DA:89,0
DA:90,0
DA:92,0
DA:93,0
DA:95,0
DA:96,0
DA:97,0
DA:98,0
DA:100,0
DA:104,0
DA:109,0
DA:110,0
DA:120,0
DA:124,0
DA:125,0
DA:127,0
DA:129,0
DA:131,0
DA:133,0
DA:135,0
DA:140,0
DA:141,0
DA:142,0
DA:143,0
DA:145,0
DA:148,0
DA:149,0
DA:150,0
DA:153,0
DA:154,0
DA:155,0
DA:156,0
DA:157,0
DA:158,0
DA:162,0
DA:163,0
DA:165,0
DA:167,0
DA:171,0
DA:172,0
DA:173,0
DA:187,0
DA:211,0
DA:224,0
DA:230,0
DA:241,0
DA:243,0
DA:281,0
DA:320,0
DA:321,0
DA:338,0
DA:353,0
DA:377,0
DA:392,0
DA:393,0
DA:400,0
DA:404,0
DA:405,0
DA:434,0
DA:442,0
DA:456,0
DA:470,0
DA:473,0
DA:505,0
DA:509,0
DA:510,0
DA:511,0
DA:543,0
DA:544,0
DA:545,0
DA:546,0
DA:547,0
DA:569,0
LF:107
LH:0
BRDA:40,0,0,0
BRDA:40,0,1,0
BRDA:41,1,0,0
BRDA:41,1,1,0
BRDA:75,2,0,0
BRDA:75,2,1,0
BRDA:90,3,0,0
BRDA:90,3,1,0
BRDA:97,4,0,0
BRDA:97,4,1,0
BRDA:100,5,0,0
BRDA:100,5,1,0
BRDA:110,6,0,0
BRDA:125,7,0,0
BRDA:125,7,1,0
BRDA:125,7,2,0
BRDA:125,7,3,0
BRDA:125,7,4,0
BRDA:141,8,0,0
BRDA:141,8,1,0
BRDA:142,9,0,0
BRDA:142,9,1,0
BRDA:149,10,0,0
BRDA:149,10,1,0
BRDA:154,11,0,0
BRDA:154,11,1,0
BRDA:160,12,0,0
BRDA:160,12,1,0
BRDA:173,13,0,0
BRDA:173,13,1,0
BRDA:195,14,0,0
BRDA:205,15,0,0
BRDA:205,15,1,0
BRDA:219,16,0,0
BRDA:225,17,0,0
BRDA:224,18,0,0
BRDA:224,18,1,0
BRDA:241,19,0,0
BRDA:241,19,1,0
BRDA:252,20,0,0
BRDA:252,20,1,0
BRDA:258,21,0,0
BRDA:279,22,0,0
BRDA:295,23,0,0
BRDA:303,24,0,0
BRDA:364,25,0,0
BRDA:364,25,1,0
BRDA:380,26,0,0
BRDA:380,26,1,0
BRDA:381,27,0,0
BRDA:381,27,1,0
BRDA:383,28,0,0
BRDA:383,28,1,0
BRDA:386,29,0,0
BRDA:408,30,0,0
BRDA:408,30,1,0
BRDA:415,31,0,0
BRDA:431,32,0,0
BRDA:460,33,0,0
BRDA:460,33,1,0
BRDA:462,34,0,0
BRDA:462,34,1,0
BRDA:464,35,0,0
BRDA:464,35,1,0
BRDA:467,36,0,0
BRDA:474,37,0,0
BRDA:474,37,1,0
BRDA:474,38,0,0
BRDA:474,38,1,0
BRDA:480,39,0,0
BRDA:480,39,1,0
BRDA:480,40,0,0
BRDA:480,40,1,0
BRDA:485,41,0,0
BRDA:485,42,0,0
BRDA:485,42,1,0
BRDA:509,43,0,0
BRDA:509,43,1,0
BRDA:518,44,0,0
BRDA:518,44,1,0
BRDA:533,45,0,0
BRDA:558,46,0,0
BRDA:558,46,1,0
BRF:83
BRH:0
end_of_record
TN:
SF:app/(pages)/(dashboard)/admin/invitations/actions.ts
FN:17,createInvitationAction
FN:40,revokeInvitationAction
FNF:2
FNH:0
FNDA:0,createInvitationAction
FNDA:0,revokeInvitationAction
DA:3,0
DA:12,0
DA:17,0
DA:20,0
DA:21,0
DA:23,0
DA:24,0
DA:25,0
DA:28,0
DA:29,0
DA:30,0
DA:32,0
DA:33,0
DA:40,0
DA:43,0
DA:44,0
DA:46,0
DA:47,0
DA:48,0
DA:51,0
DA:52,0
DA:54,0
DA:55,0
LF:23
LH:0
BRDA:23,0,0,0
BRDA:23,0,1,0
BRDA:33,1,0,0
BRDA:33,1,1,0
BRDA:46,2,0,0
BRDA:46,2,1,0
BRDA:55,3,0,0
BRDA:55,3,1,0
BRF:8
BRH:0
end_of_record
TN:
SF:app/(pages)/(dashboard)/admin/invitations/api.ts
FN:9,getInvitations
FN:14,createInvitation
FN:22,revokeInvitation
FN:42,validateInvitation
FN:48,acceptInvitation
FNF:5
FNH:0
FNDA:0,getInvitations
FNDA:0,createInvitation
FNDA:0,revokeInvitation
FNDA:0,validateInvitation
FNDA:0,acceptInvitation
DA:3,0
DA:4,0
DA:6,0
DA:9,0
DA:10,0
DA:11,0
DA:14,0
DA:15,0
DA:19,0
DA:22,0
DA:23,0
DA:24,0
DA:42,0
DA:43,0
DA:44,0
DA:45,0
DA:48,0
DA:49,0
DA:54,0
DA:55,0
LF:20
LH:0
BRDA:6,0,0,0
BRDA:6,0,1,0
BRDA:24,1,0,0
BRDA:24,1,1,0
BRDA:44,2,0,0
BRDA:44,2,1,0
BRDA:54,3,0,0
BRDA:54,3,1,0
BRF:8
BRH:0
end_of_record
TN:
SF:app/(pages)/(dashboard)/admin/invitations/hooks.ts
FN:14,(anonymous_5)
FN:17,useInvitations
FN:24,useCreateInvitation
FN:28,(anonymous_8)
FN:29,(anonymous_9)
FN:35,useRevokeInvitation
FN:39,(anonymous_11)
FN:40,(anonymous_12)
FNF:8
FNH:0
FNDA:0,(anonymous_5)
FNDA:0,useInvitations
FNDA:0,useCreateInvitation
FNDA:0,(anonymous_8)
FNDA:0,(anonymous_9)
FNDA:0,useRevokeInvitation
FNDA:0,(anonymous_11)
FNDA:0,(anonymous_12)
DA:3,0
DA:8,0
DA:10,0
DA:12,0
DA:14,0
DA:17,0
DA:18,0
DA:24,0
DA:25,0
DA:27,0
DA:28,0
DA:30,0
DA:35,0
DA:36,0
DA:38,0
DA:39,0
DA:41,0
LF:17
LH:0
BRF:0
BRH:0
end_of_record
TN:
SF:app/(pages)/(dashboard)/admin/invitations/loading.tsx
FN:1,InvitationsLoading
FN:26,(anonymous_2)
FNF:2
FNH:0
FNDA:0,InvitationsLoading
FNDA:0,(anonymous_2)
DA:1,0
DA:27,0
LF:2
LH:0
BRF:0
BRH:0
end_of_record
TN:
SF:app/(pages)/(dashboard)/admin/invitations/page.tsx
FN:10,InvitationsPage
FNF:1
FNH:0
FNDA:0,InvitationsPage
DA:1,0
DA:7,0
DA:8,0
DA:10,0
DA:11,0
DA:14,0
DA:15,0
DA:19,0
LF:8
LH:0
BRDA:14,0,0,0
BRDA:14,0,1,0
BRF:2
BRH:0
end_of_record
TN:
SF:app/(pages)/(dashboard)/calendar/CalendarPageClient.tsx
FN:23,CalendarPageClient
FN:40,(anonymous_3)
FN:45,(anonymous_4)
FN:48,(anonymous_5)
FN:53,(anonymous_6)
FN:58,(anonymous_7)
FN:63,(anonymous_8)
FN:80,(anonymous_9)
FN:81,(anonymous_10)
FN:82,(anonymous_11)
FN:83,(anonymous_12)
FN:85,(anonymous_13)
FN:95,(anonymous_14)
FN:101,(anonymous_15)
FN:107,(anonymous_16)
FN:113,(anonymous_17)
FN:119,(anonymous_18)
FN:127,(anonymous_19)
FN:139,(anonymous_20)
FN:151,(anonymous_21)
FNF:20
FNH:0
FNDA:0,CalendarPageClient
FNDA:0,(anonymous_3)
FNDA:0,(anonymous_4)
FNDA:0,(anonymous_5)
FNDA:0,(anonymous_6)
FNDA:0,(anonymous_7)
FNDA:0,(anonymous_8)
FNDA:0,(anonymous_9)
FNDA:0,(anonymous_10)
FNDA:0,(anonymous_11)
FNDA:0,(anonymous_12)
FNDA:0,(anonymous_13)
FNDA:0,(anonymous_14)
FNDA:0,(anonymous_15)
FNDA:0,(anonymous_16)
FNDA:0,(anonymous_17)
FNDA:0,(anonymous_18)
FNDA:0,(anonymous_19)
FNDA:0,(anonymous_20)
FNDA:0,(anonymous_21)
DA:3,0
DA:4,0
DA:6,0
DA:7,0
DA:8,0
DA:9,0
DA:10,0
DA:11,0
DA:12,0
DA:13,0
DA:14,0
DA:23,0
DA:25,0
DA:28,0
DA:32,0
DA:33,0
DA:36,0
DA:37,0
DA:38,0
DA:40,0
DA:41,0
DA:42,0
DA:43,0
DA:44,0
DA:45,0
DA:48,0
DA:49,0
DA:50,0
DA:53,0
DA:54,0
DA:55,0
DA:58,0
DA:59,0
DA:60,0
DA:63,0
DA:64,0
DA:65,0
DA:80,0
DA:81,0
DA:82,0
DA:83,0
DA:85,0
DA:95,0
DA:101,0
DA:107,0
DA:113,0
DA:119,0
DA:128,0
DA:129,0
DA:140,0
DA:141,0
DA:152,0
DA:153,0
LF:53
LH:0
BRDA:28,0,0,0
BRDA:28,0,1,0
BRDA:30,1,0,0
BRDA:30,1,1,0
BRDA:64,2,0,0
BRDA:64,2,1,0
BRDA:85,3,0,0
BRDA:85,3,1,0
BRDA:124,4,0,0
BRDA:136,5,0,0
BRDA:148,6,0,0
BRF:11
BRH:0
end_of_record
TN:
SF:app/(pages)/(dashboard)/calendar/actions.ts
FN:30,createTaskAction
FN:54,updateTaskAction
FN:79,deleteTaskAction
FN:106,createMeetingAction
FN:130,updateMeetingAction
FN:155,deleteMeetingAction
FN:178,respondToMeetingAction
FNF:7
FNH:0
FNDA:0,createTaskAction
FNDA:0,updateTaskAction
FNDA:0,deleteTaskAction
FNDA:0,createMeetingAction
FNDA:0,updateMeetingAction
FNDA:0,deleteMeetingAction
FNDA:0,respondToMeetingAction
DA:3,0
DA:21,0
DA:30,0
DA:33,0
DA:34,0
DA:36,0
DA:37,0
DA:38,0
DA:41,0
DA:42,0
DA:43,0
DA:44,0
DA:46,0
DA:47,0
DA:54,0
DA:58,0
DA:59,0
DA:61,0
DA:62,0
DA:63,0
DA:66,0
DA:67,0
DA:68,0
DA:69,0
DA:71,0
DA:72,0
DA:79,0
DA:82,0
DA:83,0
DA:85,0
DA:86,0
DA:87,0
DA:90,0
DA:91,0
DA:92,0
DA:94,0
DA:95,0
DA:106,0
DA:109,0
DA:110,0
DA:112,0
DA:113,0
DA:114,0
DA:117,0
DA:118,0
DA:119,0
DA:120,0
DA:122,0
DA:123,0
DA:130,0
DA:134,0
DA:135,0
DA:137,0
DA:138,0
DA:139,0
DA:142,0
DA:143,0
DA:144,0
DA:145,0
DA:147,0
DA:148,0
DA:155,0
DA:158,0
DA:159,0
DA:161,0
DA:162,0
DA:163,0
DA:166,0
DA:167,0
DA:168,0
DA:170,0
DA:171,0
DA:178,0
DA:182,0
DA:183,0
DA:185,0
DA:186,0
DA:187,0
DA:190,0
DA:191,0
DA:192,0
DA:194,0
DA:195,0
LF:83
LH:0
BRDA:36,0,0,0
BRDA:36,0,1,0
BRDA:47,1,0,0
BRDA:47,1,1,0
BRDA:61,2,0,0
BRDA:61,2,1,0
BRDA:72,3,0,0
BRDA:72,3,1,0
BRDA:85,4,0,0
BRDA:85,4,1,0
BRDA:95,5,0,0
BRDA:95,5,1,0
BRDA:112,6,0,0
BRDA:112,6,1,0
BRDA:123,7,0,0
BRDA:123,7,1,0
BRDA:137,8,0,0
BRDA:137,8,1,0
BRDA:148,9,0,0
BRDA:148,9,1,0
BRDA:161,10,0,0
BRDA:161,10,1,0
BRDA:171,11,0,0
BRDA:171,11,1,0
BRDA:185,12,0,0
BRDA:185,12,1,0
BRDA:195,13,0,0
BRDA:195,13,1,0
BRF:28
BRH:0
end_of_record
TN:
SF:app/(pages)/(dashboard)/calendar/api.ts
FN:15,getCalendarEvents
FN:23,getCalendarEventsWithMetadata
FN:31,createTask
FN:39,getTask
FN:44,updateTask
FN:52,deleteTask
FN:58,createMeeting
FN:66,getMeeting
FN:71,updateMeeting
FN:79,deleteMeeting
FN:84,respondToMeeting
FNF:11
FNH:0
FNDA:0,getCalendarEvents
FNDA:0,getCalendarEventsWithMetadata
FNDA:0,createTask
FNDA:0,getTask
FNDA:0,updateTask
FNDA:0,deleteTask
FNDA:0,createMeeting
FNDA:0,getMeeting
FNDA:0,updateMeeting
FNDA:0,deleteMeeting
FNDA:0,respondToMeeting
DA:12,0
DA:15,0
DA:16,0
DA:19,0
DA:20,0
DA:23,0
DA:24,0
DA:27,0
DA:31,0
DA:32,0
DA:36,0
DA:39,0
DA:40,0
DA:41,0
DA:44,0
DA:45,0
DA:49,0
DA:52,0
DA:53,0
DA:54,0
DA:58,0
DA:59,0
DA:63,0
DA:66,0
DA:67,0
DA:68,0
DA:71,0
DA:72,0
DA:76,0
DA:79,0
DA:80,0
DA:81,0
DA:84,0
DA:85,0
DA:89,0
LF:35
LH:0
BRDA:20,0,0,0
BRDA:20,0,1,0
BRDA:54,1,0,0
BRDA:54,1,1,0
BRDA:81,2,0,0
BRDA:81,2,1,0
BRDA:89,3,0,0
BRDA:89,3,1,0
BRF:8
BRH:0
end_of_record
TN:
SF:app/(pages)/(dashboard)/calendar/error.tsx
FN:17,CalendarError
FN:18,(anonymous_2)
FNF:2
FNH:0
FNDA:0,CalendarError
FNDA:0,(anonymous_2)
DA:3,0
DA:4,0
DA:17,0
DA:18,0
DA:19,0
DA:23,0
DA:24,0
LF:7
LH:0
BRDA:24,0,0,0
BRDA:24,0,1,0
BRDA:39,1,0,0
BRDA:39,1,1,0
BRDA:41,2,0,0
BRDA:41,2,1,0
BRDA:43,3,0,0
BRDA:43,3,1,0
BRDA:46,4,0,0
BRDA:61,5,0,0
BRDA:74,6,0,0
BRF:11
BRH:0
end_of_record
TN:
SF:app/(pages)/(dashboard)/calendar/hooks.ts
FN:28,(anonymous_13)
FN:29,(anonymous_14)
FN:31,(anonymous_15)
FN:33,(anonymous_16)
FN:36,useCalendarEvents
FN:39,(anonymous_18)
FN:43,useCalendarEventsWithMetadata
FN:46,(anonymous_20)
FN:50,useTask
FN:53,(anonymous_22)
FN:58,useCreateTask
FN:62,(anonymous_24)
FN:63,(anonymous_25)
FN:69,useUpdateTask
FN:73,(anonymous_27)
FN:74,(anonymous_28)
FN:80,useDeleteTask
FN:84,(anonymous_30)
FN:85,(anonymous_31)
FN:91,useMeeting
FN:94,(anonymous_33)
FN:99,useCreateMeeting
FN:103,(anonymous_35)
FN:104,(anonymous_36)
FN:110,useUpdateMeeting
FN:114,(anonymous_38)
FN:115,(anonymous_39)
FN:121,useDeleteMeeting
FN:125,(anonymous_41)
FN:126,(anonymous_42)
FN:132,useRespondToMeeting
FN:136,(anonymous_44)
FN:138,(anonymous_45)
FNF:33
FNH:0
FNDA:0,(anonymous_13)
FNDA:0,(anonymous_14)
FNDA:0,(anonymous_15)
FNDA:0,(anonymous_16)
FNDA:0,useCalendarEvents
FNDA:0,(anonymous_18)
FNDA:0,useCalendarEventsWithMetadata
FNDA:0,(anonymous_20)
FNDA:0,useTask
FNDA:0,(anonymous_22)
FNDA:0,useCreateTask
FNDA:0,(anonymous_24)
FNDA:0,(anonymous_25)
FNDA:0,useUpdateTask
FNDA:0,(anonymous_27)
FNDA:0,(anonymous_28)
FNDA:0,useDeleteTask
FNDA:0,(anonymous_30)
FNDA:0,(anonymous_31)
FNDA:0,useMeeting
FNDA:0,(anonymous_33)
FNDA:0,useCreateMeeting
FNDA:0,(anonymous_35)
FNDA:0,(anonymous_36)
FNDA:0,useUpdateMeeting
FNDA:0,(anonymous_38)
FNDA:0,(anonymous_39)
FNDA:0,useDeleteMeeting
FNDA:0,(anonymous_41)
FNDA:0,(anonymous_42)
FNDA:0,useRespondToMeeting
FNDA:0,(anonymous_44)
FNDA:0,(anonymous_45)
DA:3,0
DA:16,0
DA:24,0
DA:26,0
DA:28,0
DA:29,0
DA:31,0
DA:33,0
DA:36,0
DA:37,0
DA:39,0
DA:43,0
DA:44,0
DA:46,0
DA:50,0
DA:51,0
DA:53,0
DA:58,0
DA:59,0
DA:61,0
DA:62,0
DA:64,0
DA:69,0
DA:70,0
DA:72,0
DA:73,0
DA:75,0
DA:80,0
DA:81,0
DA:83,0
DA:84,0
DA:86,0
DA:91,0
DA:92,0
DA:94,0
DA:99,0
DA:100,0
DA:102,0
DA:103,0
DA:105,0
DA:110,0
DA:111,0
DA:113,0
DA:114,0
DA:116,0
DA:121,0
DA:122,0
DA:124,0
DA:125,0
DA:127,0
DA:132,0
DA:133,0
DA:135,0
DA:137,0
DA:139,0
LF:55
LH:0
BRF:0
BRH:0
end_of_record
TN:
SF:app/(pages)/(dashboard)/calendar/loading.tsx
FN:1,CalendarLoading
FN:31,(anonymous_2)
FN:38,(anonymous_3)
FN:56,(anonymous_4)
FNF:4
FNH:0
FNDA:0,CalendarLoading
FNDA:0,(anonymous_2)
FNDA:0,(anonymous_3)
FNDA:0,(anonymous_4)
DA:1,0
DA:32,0
DA:39,0
DA:57,0
LF:4
LH:0
BRDA:45,0,0,0
BRDA:46,1,0,0
BRF:2
BRH:0
end_of_record
TN:
SF:app/(pages)/(dashboard)/calendar/page.tsx
FN:4,CalendarPage
FNF:1
FNH:0
FNDA:0,CalendarPage
DA:1,0
DA:2,0
DA:4,0
DA:5,0
LF:4
LH:0
BRF:0
BRH:0
end_of_record
TN:
SF:app/(pages)/(dashboard)/calendar/components/Calendar.tsx
FN:29,timeOffToCalendarEvent
FN:56,epicToCalendarEvent
FN:96,Calendar
FN:122,(anonymous_5)
FN:123,(anonymous_6)
FN:135,(anonymous_7)
FN:136,(anonymous_8)
FN:142,(anonymous_9)
FN:145,(anonymous_10)
FN:154,(anonymous_11)
FN:172,(anonymous_12)
FN:175,(anonymous_13)
FN:182,(anonymous_14)
FN:191,(anonymous_15)
FN:193,(anonymous_16)
FN:202,(anonymous_17)
FN:203,(anonymous_18)
FN:206,(anonymous_19)
FN:211,(anonymous_20)
FN:242,(anonymous_21)
FN:246,(anonymous_22)
FN:250,(anonymous_23)
FN:254,(anonymous_24)
FN:283,(anonymous_25)
FN:289,(anonymous_26)
FN:334,(anonymous_27)
FN:339,(anonymous_28)
FN:345,(anonymous_29)
FN:351,(anonymous_30)
FN:357,(anonymous_31)
FN:371,(anonymous_32)
FN:381,(anonymous_33)
FN:394,(anonymous_34)
FN:403,(anonymous_35)
FN:415,(anonymous_36)
FN:425,(anonymous_37)
FN:434,(anonymous_38)
FN:443,(anonymous_39)
FN:452,(anonymous_40)
FN:461,(anonymous_41)
FN:476,(anonymous_42)
FN:481,(anonymous_43)
FN:482,(anonymous_44)
FN:772,(anonymous_45)
FN:784,(anonymous_46)
FN:796,(anonymous_47)
FN:808,(anonymous_48)
FN:820,(anonymous_49)
FNF:48
FNH:0
FNDA:0,timeOffToCalendarEvent
FNDA:0,epicToCalendarEvent
FNDA:0,Calendar
FNDA:0,(anonymous_5)
FNDA:0,(anonymous_6)
FNDA:0,(anonymous_7)
FNDA:0,(anonymous_8)
FNDA:0,(anonymous_9)
FNDA:0,(anonymous_10)
FNDA:0,(anonymous_11)
FNDA:0,(anonymous_12)
FNDA:0,(anonymous_13)
FNDA:0,(anonymous_14)
FNDA:0,(anonymous_15)
FNDA:0,(anonymous_16)
FNDA:0,(anonymous_17)
FNDA:0,(anonymous_18)
FNDA:0,(anonymous_19)
FNDA:0,(anonymous_20)
FNDA:0,(anonymous_21)
FNDA:0,(anonymous_22)
FNDA:0,(anonymous_23)
FNDA:0,(anonymous_24)
FNDA:0,(anonymous_25)
FNDA:0,(anonymous_26)
FNDA:0,(anonymous_27)
FNDA:0,(anonymous_28)
FNDA:0,(anonymous_29)
FNDA:0,(anonymous_30)
FNDA:0,(anonymous_31)
FNDA:0,(anonymous_32)
FNDA:0,(anonymous_33)
FNDA:0,(anonymous_34)
FNDA:0,(anonymous_35)
FNDA:0,(anonymous_36)
FNDA:0,(anonymous_37)
FNDA:0,(anonymous_38)
FNDA:0,(anonymous_39)
FNDA:0,(anonymous_40)
FNDA:0,(anonymous_41)
FNDA:0,(anonymous_42)
FNDA:0,(anonymous_43)
FNDA:0,(anonymous_44)
FNDA:0,(anonymous_45)
FNDA:0,(anonymous_46)
FNDA:0,(anonymous_47)
FNDA:0,(anonymous_48)
FNDA:0,(anonymous_49)
DA:3,0
DA:4,0
DA:5,0
DA:6,0
DA:7,0
DA:10,0
DA:11,0
DA:12,0
DA:13,0
DA:14,0
DA:26,0
DA:30,0
DA:32,0
DA:43,0
DA:47,0
DA:58,0
DA:59,0
DA:62,0
DA:96,0
DA:108,0
DA:109,0
DA:110,0
DA:111,0
DA:112,0
DA:113,0
DA:114,0
DA:115,0
DA:116,0
DA:117,0
DA:120,0
DA:122,0
DA:123,0
DA:124,0
DA:125,0
DA:126,0
DA:128,0
DA:130,0
DA:135,0
DA:136,0
DA:137,0
DA:138,0
DA:141,0
DA:142,0
DA:145,0
DA:146,0
DA:147,0
DA:148,0
DA:152,0
DA:154,0
DA:155,0
DA:156,0
DA:158,0
DA:160,0
DA:161,0
DA:162,0
DA:165,0
DA:166,0
DA:167,0
DA:170,0
DA:172,0
DA:175,0
DA:180,0
DA:183,0
DA:184,0
DA:185,0
DA:186,0
DA:190,0
DA:191,0
DA:194,0
DA:195,0
DA:196,0
DA:200,0
DA:202,0
DA:203,0
DA:205,0
DA:206,0
DA:209,0
DA:211,0
DA:213,0
DA:214,0
DA:215,0
DA:216,0
DA:217,0
DA:218,0
DA:222,0
DA:232,0
DA:234,0
DA:235,0
DA:237,0
DA:238,0
DA:242,0
DA:243,0
DA:246,0
DA:247,0
DA:250,0
DA:251,0
DA:254,0
DA:255,0
DA:258,0
DA:259,0
DA:260,0
DA:262,0
DA:263,0
DA:264,0
DA:266,0
DA:267,0
DA:268,0
DA:272,0
DA:273,0
DA:274,0
DA:278,0
DA:279,0
DA:283,0
DA:284,0
DA:285,0
DA:289,0
DA:290,0
DA:291,0
DA:292,0
DA:294,0
DA:296,0
DA:297,0
DA:298,0
DA:300,0
DA:301,0
DA:302,0
DA:304,0
DA:305,0
DA:306,0
DA:308,0
DA:309,0
DA:310,0
DA:312,0
DA:313,0
DA:314,0
DA:317,0
DA:334,0
DA:335,0
DA:339,0
DA:345,0
DA:351,0
DA:357,0
DA:371,0
DA:381,0
DA:394,0
DA:403,0
DA:415,0
DA:425,0
DA:434,0
DA:443,0
DA:452,0
DA:461,0
DA:476,0
DA:481,0
DA:482,0
DA:485,0
DA:772,0
DA:784,0
DA:796,0
DA:808,0
DA:820,0
LF:161
LH:0
BRDA:30,0,0,0
BRDA:30,0,1,0
BRDA:58,1,0,0
BRDA:58,1,1,0
BRDA:58,2,0,0
BRDA:58,2,1,0
BRDA:66,3,0,0
BRDA:66,3,1,0
BRDA:67,4,0,0
BRDA:67,4,1,0
BRDA:106,5,0,0
BRDA:125,6,0,0
BRDA:125,6,1,0
BRDA:137,7,0,0
BRDA:137,7,1,0
BRDA:137,8,0,0
BRDA:137,8,1,0
BRDA:146,9,0,0
BRDA:146,9,1,0
BRDA:152,10,0,0
BRDA:152,10,1,0
BRDA:152,10,2,0
BRDA:152,10,3,0
BRDA:152,10,4,0
BRDA:154,11,0,0
BRDA:155,12,0,0
BRDA:155,12,1,0
BRDA:166,13,0,0
BRDA:166,13,1,0
BRDA:171,14,0,0
BRDA:171,14,1,0
BRDA:174,15,0,0
BRDA:174,15,1,0
BRDA:180,16,0,0
BRDA:180,16,1,0
BRDA:183,17,0,0
BRDA:183,17,1,0
BRDA:185,18,0,0
BRDA:185,18,1,0
BRDA:186,19,0,0
BRDA:186,19,1,0
BRDA:190,20,0,0
BRDA:190,20,1,0
BRDA:195,21,0,0
BRDA:195,21,1,0
BRDA:196,22,0,0
BRDA:196,22,1,0
BRDA:201,23,0,0
BRDA:201,23,1,0
BRDA:202,24,0,0
BRDA:202,24,1,0
BRDA:209,25,0,0
BRDA:209,25,1,0
BRDA:214,26,0,0
BRDA:214,26,1,0
BRDA:214,27,0,0
BRDA:214,27,1,0
BRDA:217,28,0,0
BRDA:217,28,1,0
BRDA:226,29,0,0
BRDA:226,29,1,0
BRDA:258,30,0,0
BRDA:258,30,1,0
BRDA:258,31,0,0
BRDA:258,31,1,0
BRDA:258,31,2,0
BRDA:262,32,0,0
BRDA:262,32,1,0
BRDA:262,33,0,0
BRDA:262,33,1,0
BRDA:262,33,2,0
BRDA:266,34,0,0
BRDA:266,34,1,0
BRDA:266,35,0,0
BRDA:266,35,1,0
BRDA:266,35,2,0
BRDA:272,36,0,0
BRDA:272,36,1,0
BRDA:278,37,0,0
BRDA:278,37,1,0
BRDA:284,38,0,0
BRDA:284,38,1,0
BRDA:294,39,0,0
BRDA:294,39,1,0
BRDA:294,39,2,0
BRDA:294,39,3,0
BRDA:294,39,4,0
BRDA:326,40,0,0
BRDA:326,40,1,0
BRDA:327,41,0,0
BRDA:327,41,1,0
BRDA:339,42,0,0
BRDA:339,42,1,0
BRDA:351,43,0,0
BRDA:351,43,1,0
BRDA:362,44,0,0
BRDA:362,44,1,0
BRDA:368,45,0,0
BRDA:373,46,0,0
BRDA:373,46,1,0
BRDA:383,47,0,0
BRDA:383,47,1,0
BRDA:395,48,0,0
BRDA:395,48,1,0
BRDA:404,49,0,0
BRDA:404,49,1,0
BRDA:412,50,0,0
BRDA:421,51,0,0
BRDA:423,52,0,0
BRDA:432,53,0,0
BRDA:441,54,0,0
BRDA:450,55,0,0
BRDA:459,56,0,0
BRDA:485,57,0,0
BRDA:485,57,1,0
BRDA:497,58,0,0
BRDA:506,59,0,0
BRDA:506,59,1,0
BRDA:774,60,0,0
BRDA:774,60,1,0
BRDA:778,61,0,0
BRDA:778,61,1,0
BRDA:780,62,0,0
BRDA:780,62,1,0
BRDA:786,63,0,0
BRDA:786,63,1,0
BRDA:790,64,0,0
BRDA:790,64,1,0
BRDA:792,65,0,0
BRDA:792,65,1,0
BRDA:798,66,0,0
BRDA:798,66,1,0
BRDA:802,67,0,0
BRDA:802,67,1,0
BRDA:804,68,0,0
BRDA:804,68,1,0
BRDA:810,69,0,0
BRDA:810,69,1,0
BRDA:814,70,0,0
BRDA:814,70,1,0
BRDA:816,71,0,0
BRDA:816,71,1,0
BRDA:822,72,0,0
BRDA:822,72,1,0
BRDA:826,73,0,0
BRDA:826,73,1,0
BRDA:828,74,0,0
BRDA:828,74,1,0
BRF:148
BRH:0
end_of_record
TN:
SF:app/(pages)/(dashboard)/calendar/components/CalendarWidget.tsx
FN:38,CalendarWidget
FN:59,(anonymous_3)
FN:60,(anonymous_4)
FN:66,(anonymous_5)
FN:69,(anonymous_6)
FN:78,(anonymous_7)
FN:91,(anonymous_8)
FN:108,(anonymous_9)
FN:112,(anonymous_10)
FN:126,(anonymous_11)
FN:139,(anonymous_12)
FN:152,(anonymous_13)
FN:205,(anonymous_14)
FN:216,(anonymous_15)
FN:225,(anonymous_16)
FN:234,(anonymous_17)
FN:243,(anonymous_18)
FN:252,(anonymous_19)
FN:264,(anonymous_20)
FN:291,(anonymous_21)
FN:298,(anonymous_22)
FN:310,(anonymous_23)
FN:348,(anonymous_24)
FN:363,(anonymous_25)
FN:381,(anonymous_26)
FNF:25
FNH:0
FNDA:0,CalendarWidget
FNDA:0,(anonymous_3)
FNDA:0,(anonymous_4)
FNDA:0,(anonymous_5)
FNDA:0,(anonymous_6)
FNDA:0,(anonymous_7)
FNDA:0,(anonymous_8)
FNDA:0,(anonymous_9)
FNDA:0,(anonymous_10)
FNDA:0,(anonymous_11)
FNDA:0,(anonymous_12)
FNDA:0,(anonymous_13)
FNDA:0,(anonymous_14)
FNDA:0,(anonymous_15)
FNDA:0,(anonymous_16)
FNDA:0,(anonymous_17)
FNDA:0,(anonymous_18)
FNDA:0,(anonymous_19)
FNDA:0,(anonymous_20)
FNDA:0,(anonymous_21)
FNDA:0,(anonymous_22)
FNDA:0,(anonymous_23)
FNDA:0,(anonymous_24)
FNDA:0,(anonymous_25)
FNDA:0,(anonymous_26)
DA:3,0
DA:4,0
DA:6,0
DA:7,0
DA:23,0
DA:24,0
DA:38,0
DA:49,0
DA:50,0
DA:51,0
DA:52,0
DA:53,0
DA:54,0
DA:55,0
DA:56,0
DA:59,0
DA:60,0
DA:61,0
DA:62,0
DA:65,0
DA:66,0
DA:69,0
DA:70,0
DA:71,0
DA:72,0
DA:76,0
DA:78,0
DA:79,0
DA:80,0
DA:82,0
DA:84,0
DA:85,0
DA:86,0
DA:88,0
DA:91,0
DA:92,0
DA:95,0
DA:96,0
DA:97,0
DA:100,0
DA:101,0
DA:103,0
DA:104,0
DA:108,0
DA:109,0
DA:112,0
DA:113,0
DA:114,0
DA:115,0
DA:117,0
DA:119,0
DA:120,0
DA:122,0
DA:126,0
DA:127,0
DA:139,0
DA:140,0
DA:142,0
DA:144,0
DA:146,0
DA:148,0
DA:152,0
DA:153,0
DA:155,0
DA:156,0
DA:162,0
DA:163,0
DA:169,0
DA:175,0
DA:205,0
DA:216,0
DA:225,0
DA:234,0
DA:243,0
DA:252,0
DA:264,0
DA:294,0
DA:298,0
DA:299,0
DA:300,0
DA:301,0
DA:302,0
DA:303,0
DA:304,0
DA:309,0
DA:310,0
DA:312,0
DA:313,0
DA:316,0
DA:317,0
DA:318,0
DA:319,0
DA:320,0
DA:321,0
DA:325,0
DA:349,0
DA:350,0
DA:364,0
DA:365,0
DA:381,0
LF:100
LH:0
BRDA:61,0,0,0
BRDA:61,0,1,0
BRDA:61,1,0,0
BRDA:61,1,1,0
BRDA:70,2,0,0
BRDA:70,2,1,0
BRDA:76,3,0,0
BRDA:76,3,1,0
BRDA:76,3,2,0
BRDA:76,3,3,0
BRDA:76,3,4,0
BRDA:78,4,0,0
BRDA:79,5,0,0
BRDA:79,5,1,0
BRDA:91,6,0,0
BRDA:91,6,1,0
BRDA:96,7,0,0
BRDA:96,7,1,0
BRDA:96,8,0,0
BRDA:96,8,1,0
BRDA:140,9,0,0
BRDA:140,9,1,0
BRDA:140,9,2,0
BRDA:140,9,3,0
BRDA:155,10,0,0
BRDA:155,10,1,0
BRDA:156,11,0,0
BRDA:156,11,1,0
BRDA:162,12,0,0
BRDA:162,12,1,0
BRDA:163,13,0,0
BRDA:163,13,1,0
BRDA:169,14,0,0
BRDA:169,14,1,0
BRDA:175,15,0,0
BRDA:175,15,1,0
BRDA:195,16,0,0
BRDA:202,17,0,0
BRDA:210,18,0,0
BRDA:210,18,1,0
BRDA:212,19,0,0
BRDA:214,20,0,0
BRDA:223,21,0,0
BRDA:232,22,0,0
BRDA:241,23,0,0
BRDA:250,24,0,0
BRDA:269,25,0,0
BRDA:269,25,1,0
BRDA:274,26,0,0
BRDA:284,27,0,0
BRDA:294,28,0,0
BRDA:294,28,1,0
BRDA:294,28,2,0
BRDA:294,28,3,0
BRDA:294,28,4,0
BRDA:294,28,5,0
BRDA:294,28,6,0
BRDA:294,28,7,0
BRDA:294,28,8,0
BRDA:299,29,0,0
BRDA:299,29,1,0
BRDA:299,30,0,0
BRDA:299,30,1,0
BRDA:299,30,2,0
BRDA:301,31,0,0
BRDA:301,31,1,0
BRDA:301,32,0,0
BRDA:301,32,1,0
BRDA:301,32,2,0
BRDA:303,33,0,0
BRDA:303,33,1,0
BRDA:303,34,0,0
BRDA:303,34,1,0
BRDA:303,34,2,0
BRDA:309,35,0,0
BRDA:309,35,1,0
BRDA:312,36,0,0
BRDA:312,36,1,0
BRDA:313,37,0,0
BRDA:313,37,1,0
BRDA:317,38,0,0
BRDA:317,38,1,0
BRDA:317,39,0,0
BRDA:317,39,1,0
BRDA:320,40,0,0
BRDA:320,40,1,0
BRDA:328,41,0,0
BRDA:328,41,1,0
BRDA:330,42,0,0
BRDA:330,42,1,0
BRDA:331,43,0,0
BRDA:331,43,1,0
BRDA:345,44,0,0
BRDA:345,44,1,0
BRDA:357,45,0,0
BRDA:376,46,0,0
BRF:96
BRH:0
end_of_record
TN:
SF:app/(pages)/(dashboard)/calendar/components/CalendarWidgetSkeleton.tsx
FN:1,CalendarWidgetSkeleton
FN:29,(anonymous_2)
FN:36,(anonymous_3)
FN:50,(anonymous_4)
FNF:4
FNH:0
FNDA:0,CalendarWidgetSkeleton
FNDA:0,(anonymous_2)
FNDA:0,(anonymous_3)
FNDA:0,(anonymous_4)
DA:1,0
DA:30,0
DA:37,0
DA:51,0
LF:4
LH:0
BRF:0
BRH:0
end_of_record
TN:
SF:app/(pages)/(dashboard)/calendar/components/CreateEventModal.tsx
FN:16,CreateEventModal
FN:30,(anonymous_2)
FN:41,(anonymous_3)
FN:47,(anonymous_4)
FN:55,(anonymous_5)
FN:65,(anonymous_6)
FN:146,(anonymous_7)
FN:154,(anonymous_8)
FN:164,(anonymous_9)
FN:178,(anonymous_10)
FN:186,(anonymous_11)
FN:198,(anonymous_12)
FN:206,(anonymous_13)
FNF:13
FNH:0
FNDA:0,CreateEventModal
FNDA:0,(anonymous_2)
FNDA:0,(anonymous_3)
FNDA:0,(anonymous_4)
FNDA:0,(anonymous_5)
FNDA:0,(anonymous_6)
FNDA:0,(anonymous_7)
FNDA:0,(anonymous_8)
FNDA:0,(anonymous_9)
FNDA:0,(anonymous_10)
FNDA:0,(anonymous_11)
FNDA:0,(anonymous_12)
FNDA:0,(anonymous_13)
DA:3,0
DA:5,0
DA:6,0
DA:7,0
DA:8,0
DA:16,0
DA:17,0
DA:19,0
DA:20,0
DA:21,0
DA:22,0
DA:23,0
DA:24,0
DA:25,0
DA:27,0
DA:28,0
DA:30,0
DA:31,0
DA:32,0
DA:33,0
DA:34,0
DA:35,0
DA:36,0
DA:37,0
DA:38,0
DA:41,0
DA:42,0
DA:43,0
DA:47,0
DA:48,0
DA:49,0
DA:50,0
DA:55,0
DA:56,0
DA:58,0
DA:59,0
DA:60,0
DA:61,0
DA:65,0
DA:66,0
DA:67,0
DA:69,0
DA:70,0
DA:71,0
DA:74,0
DA:75,0
DA:76,0
DA:79,0
DA:80,0
DA:81,0
DA:88,0
DA:90,0
DA:91,0
DA:92,0
DA:95,0
DA:96,0
DA:97,0
DA:100,0
DA:101,0
DA:102,0
DA:107,0
DA:118,0
DA:120,0
DA:121,0
DA:122,0
DA:123,0
DA:125,0
DA:126,0
DA:128,0
DA:146,0
DA:154,0
DA:164,0
DA:178,0
DA:186,0
DA:198,0
DA:206,0
LF:76
LH:0
BRDA:49,0,0,0
BRDA:49,0,1,0
BRDA:58,1,0,0
BRDA:58,1,1,0
BRDA:69,2,0,0
BRDA:69,2,1,0
BRDA:74,3,0,0
BRDA:74,3,1,0
BRDA:79,4,0,0
BRDA:79,4,1,0
BRDA:88,5,0,0
BRDA:88,5,1,0
BRDA:100,6,0,0
BRDA:100,6,1,0
BRDA:109,7,0,0
BRDA:109,7,1,0
BRDA:181,8,0,0
BRDA:201,9,0,0
BRF:18
BRH:0
end_of_record
TN:
SF:app/(pages)/(dashboard)/calendar/components/CreateMeetingModal.tsx
FN:17,CreateMeetingModal
FN:38,(anonymous_2)
FN:53,(anonymous_3)
FN:58,(anonymous_4)
FN:59,(anonymous_5)
FN:60,(anonymous_6)
FN:64,(anonymous_7)
FN:112,(anonymous_8)
FN:150,(anonymous_9)
FN:163,(anonymous_10)
FN:179,(anonymous_11)
FN:186,(anonymous_12)
FN:199,(anonymous_13)
FN:206,(anonymous_14)
FN:218,(anonymous_15)
FN:227,(anonymous_16)
FN:246,(anonymous_17)
FN:262,(anonymous_18)
FN:267,(anonymous_19)
FN:282,(anonymous_20)
FNF:20
FNH:0
FNDA:0,CreateMeetingModal
FNDA:0,(anonymous_2)
FNDA:0,(anonymous_3)
FNDA:0,(anonymous_4)
FNDA:0,(anonymous_5)
FNDA:0,(anonymous_6)
FNDA:0,(anonymous_7)
FNDA:0,(anonymous_8)
FNDA:0,(anonymous_9)
FNDA:0,(anonymous_10)
FNDA:0,(anonymous_11)
FNDA:0,(anonymous_12)
FNDA:0,(anonymous_13)
FNDA:0,(anonymous_14)
FNDA:0,(anonymous_15)
FNDA:0,(anonymous_16)
FNDA:0,(anonymous_17)
FNDA:0,(anonymous_18)
FNDA:0,(anonymous_19)
FNDA:0,(anonymous_20)
DA:3,0
DA:5,0
DA:6,0
DA:7,0
DA:8,0
DA:9,0
DA:17,0
DA:18,0
DA:20,0
DA:21,0
DA:23,0
DA:24,0
DA:25,0
DA:26,0
DA:27,0
DA:28,0
DA:29,0
DA:30,0
DA:31,0
DA:32,0
DA:33,0
DA:35,0
DA:36,0
DA:38,0
DA:39,0
DA:40,0
DA:41,0
DA:42,0
DA:43,0
DA:44,0
DA:45,0
DA:46,0
DA:47,0
DA:48,0
DA:49,0
DA:50,0
DA:53,0
DA:54,0
DA:55,0
DA:58,0
DA:59,0
DA:60,0
DA:64,0
DA:65,0
DA:66,0
DA:68,0
DA:69,0
DA:70,0
DA:73,0
DA:74,0
DA:75,0
DA:78,0
DA:79,0
DA:80,0
DA:83,0
DA:84,0
DA:86,0
DA:87,0
DA:88,0
DA:91,0
DA:92,0
DA:93,0
DA:96,0
DA:104,0
DA:105,0
DA:106,0
DA:107,0
DA:108,0
DA:112,0
DA:113,0
DA:114,0
DA:115,0
DA:116,0
DA:118,0
DA:150,0
DA:163,0
DA:179,0
DA:186,0
DA:199,0
DA:206,0
DA:219,0
DA:227,0
DA:246,0
DA:262,0
DA:267,0
DA:282,0
LF:86
LH:0
BRDA:60,0,0,0
BRDA:60,0,1,0
BRDA:68,1,0,0
BRDA:68,1,1,0
BRDA:73,2,0,0
BRDA:73,2,1,0
BRDA:73,3,0,0
BRDA:73,3,1,0
BRDA:78,4,0,0
BRDA:78,4,1,0
BRDA:78,5,0,0
BRDA:78,5,1,0
BRDA:86,6,0,0
BRDA:86,6,1,0
BRDA:91,7,0,0
BRDA:91,7,1,0
BRDA:98,8,0,0
BRDA:98,8,1,0
BRDA:104,9,0,0
BRDA:104,9,1,0
BRDA:107,10,0,0
BRDA:107,10,1,0
BRDA:114,11,0,0
BRDA:114,11,1,0
BRDA:131,12,0,0
BRDA:136,13,0,0
BRDA:221,14,0,0
BRDA:221,14,1,0
BRDA:253,15,0,0
BRDA:262,16,0,0
BRDA:262,16,1,0
BRDA:303,17,0,0
BRF:32
BRH:0
end_of_record
TN:
SF:app/(pages)/(dashboard)/calendar/components/CreateTaskModal.tsx
FN:18,CreateTaskModal
FN:33,(anonymous_2)
FN:44,(anonymous_3)
FN:49,(anonymous_4)
FN:81,(anonymous_5)
FN:119,(anonymous_6)
FN:132,(anonymous_7)
FN:147,(anonymous_8)
FN:159,(anonymous_9)
FN:163,(anonymous_10)
FN:177,(anonymous_11)
FN:181,(anonymous_12)
FN:192,(anonymous_13)
FN:196,(anonymous_14)
FN:207,(anonymous_15)
FN:211,(anonymous_16)
FNF:16
FNH:0
FNDA:0,CreateTaskModal
FNDA:0,(anonymous_2)
FNDA:0,(anonymous_3)
FNDA:0,(anonymous_4)
FNDA:0,(anonymous_5)
FNDA:0,(anonymous_6)
FNDA:0,(anonymous_7)
FNDA:0,(anonymous_8)
FNDA:0,(anonymous_9)
FNDA:0,(anonymous_10)
FNDA:0,(anonymous_11)
FNDA:0,(anonymous_12)
FNDA:0,(anonymous_13)
FNDA:0,(anonymous_14)
FNDA:0,(anonymous_15)
FNDA:0,(anonymous_16)
DA:3,0
DA:5,0
DA:6,0
DA:7,0
DA:8,0
DA:9,0
DA:10,0
DA:18,0
DA:19,0
DA:20,0
DA:22,0
DA:23,0
DA:24,0
DA:25,0
DA:26,0
DA:27,0
DA:28,0
DA:30,0
DA:31,0
DA:33,0
DA:34,0
DA:35,0
DA:36,0
DA:37,0
DA:38,0
DA:39,0
DA:40,0
DA:41,0
DA:44,0
DA:45,0
DA:46,0
DA:49,0
DA:50,0
DA:51,0
DA:53,0
DA:54,0
DA:55,0
DA:58,0
DA:59,0
DA:60,0
DA:63,0
DA:71,0
DA:72,0
DA:73,0
DA:74,0
DA:75,0
DA:76,0
DA:77,0
DA:81,0
DA:82,0
DA:83,0
DA:84,0
DA:85,0
DA:87,0
DA:119,0
DA:132,0
DA:147,0
DA:160,0
DA:163,0
DA:177,0
DA:182,0
DA:192,0
DA:197,0
DA:207,0
DA:212,0
LF:65
LH:0
BRDA:53,0,0,0
BRDA:53,0,1,0
BRDA:58,1,0,0
BRDA:58,1,1,0
BRDA:65,2,0,0
BRDA:65,2,1,0
BRDA:67,3,0,0
BRDA:67,3,1,0
BRDA:71,4,0,0
BRDA:71,4,1,0
BRDA:72,5,0,0
BRDA:72,5,1,0
BRDA:72,6,0,0
BRDA:72,6,1,0
BRDA:74,7,0,0
BRDA:74,7,1,0
BRDA:74,8,0,0
BRDA:74,8,1,0
BRDA:76,9,0,0
BRDA:76,9,1,0
BRDA:76,10,0,0
BRDA:76,10,1,0
BRDA:83,11,0,0
BRDA:83,11,1,0
BRDA:100,12,0,0
BRDA:105,13,0,0
BRDA:153,14,0,0
BRDA:164,15,0,0
BRDA:164,15,1,0
BRDA:174,16,0,0
BRDA:176,17,0,0
BRDA:176,17,1,0
BRDA:177,18,0,0
BRDA:177,18,1,0
BRDA:189,19,0,0
BRDA:191,20,0,0
BRDA:191,20,1,0
BRDA:192,21,0,0
BRDA:192,21,1,0
BRDA:204,22,0,0
BRDA:234,23,0,0
BRF:41
BRH:0
end_of_record
TN:
SF:app/(pages)/(dashboard)/calendar/components/CreateTimeOffForEmployeeModal.tsx
FN:27,CreateTimeOffForEmployeeModal
FN:47,(anonymous_2)
FN:52,(anonymous_3)
FN:56,(anonymous_4)
FN:62,(anonymous_5)
FN:72,(anonymous_6)
FN:77,(anonymous_7)
FN:162,(anonymous_8)
FN:168,(anonymous_9)
FN:186,(anonymous_10)
FN:189,(anonymous_11)
FN:209,(anonymous_12)
FN:224,(anonymous_13)
FN:241,(anonymous_14)
FN:253,(anonymous_15)
FNF:15
FNH:0
FNDA:0,CreateTimeOffForEmployeeModal
FNDA:0,(anonymous_2)
FNDA:0,(anonymous_3)
FNDA:0,(anonymous_4)
FNDA:0,(anonymous_5)
FNDA:0,(anonymous_6)
FNDA:0,(anonymous_7)
FNDA:0,(anonymous_8)
FNDA:0,(anonymous_9)
FNDA:0,(anonymous_10)
FNDA:0,(anonymous_11)
FNDA:0,(anonymous_12)
FNDA:0,(anonymous_13)
FNDA:0,(anonymous_14)
FNDA:0,(anonymous_15)
DA:3,0
DA:4,0
DA:5,0
DA:6,0
DA:7,0
DA:8,0
DA:9,0
DA:10,0
DA:18,0
DA:27,0
DA:32,0
DA:33,0
DA:35,0
DA:36,0
DA:37,0
DA:38,0
DA:39,0
DA:40,0
DA:42,0
DA:43,0
DA:47,0
DA:48,0
DA:50,0
DA:51,0
DA:52,0
DA:54,0
DA:56,0
DA:59,0
DA:62,0
DA:63,0
DA:64,0
DA:65,0
DA:66,0
DA:67,0
DA:68,0
DA:69,0
DA:72,0
DA:73,0
DA:74,0
DA:77,0
DA:78,0
DA:79,0
DA:81,0
DA:82,0
DA:83,0
DA:86,0
DA:87,0
DA:88,0
DA:91,0
DA:92,0
DA:93,0
DA:96,0
DA:97,0
DA:98,0
DA:101,0
DA:110,0
DA:112,0
DA:113,0
DA:114,0
DA:115,0
DA:117,0
DA:118,0
DA:120,0
DA:163,0
DA:169,0
DA:186,0
DA:190,0
DA:209,0
DA:224,0
DA:241,0
DA:253,0
LF:71
LH:0
BRDA:48,0,0,0
BRDA:48,0,1,0
BRDA:50,1,0,0
BRDA:50,1,1,0
BRDA:50,2,0,0
BRDA:50,2,1,0
BRDA:52,3,0,0
BRDA:52,3,1,0
BRDA:54,4,0,0
BRDA:54,4,1,0
BRDA:81,5,0,0
BRDA:81,5,1,0
BRDA:86,6,0,0
BRDA:86,6,1,0
BRDA:91,7,0,0
BRDA:91,7,1,0
BRDA:96,8,0,0
BRDA:96,8,1,0
BRDA:106,9,0,0
BRDA:106,9,1,0
BRDA:132,10,0,0
BRDA:136,11,0,0
BRDA:139,12,0,0
BRDA:139,12,1,0
BRDA:139,13,0,0
BRDA:139,13,1,0
BRDA:146,14,0,0
BRDA:161,15,0,0
BRDA:161,15,1,0
BRDA:163,16,0,0
BRDA:163,16,1,0
BRDA:275,17,0,0
BRDA:275,17,1,0
BRDA:278,18,0,0
BRDA:279,19,0,0
BRDA:279,19,1,0
BRF:36
BRH:0
end_of_record
TN:
SF:app/(pages)/(dashboard)/calendar/components/RequestTimeOffModal.tsx
FN:24,RequestTimeOffModal
FN:33,(anonymous_2)
FN:41,(anonymous_3)
FN:46,(anonymous_4)
FN:72,(anonymous_5)
FN:84,(anonymous_6)
FN:103,(anonymous_7)
FN:113,(anonymous_8)
FN:121,(anonymous_9)
FN:129,(anonymous_10)
FNF:10
FNH:0
FNDA:0,RequestTimeOffModal
FNDA:0,(anonymous_2)
FNDA:0,(anonymous_3)
FNDA:0,(anonymous_4)
FNDA:0,(anonymous_5)
FNDA:0,(anonymous_6)
FNDA:0,(anonymous_7)
FNDA:0,(anonymous_8)
FNDA:0,(anonymous_9)
FNDA:0,(anonymous_10)
DA:3,0
DA:4,0
DA:5,0
DA:6,0
DA:7,0
DA:15,0
DA:24,0
DA:25,0
DA:26,0
DA:27,0
DA:28,0
DA:30,0
DA:31,0
DA:33,0
DA:34,0
DA:35,0
DA:36,0
DA:37,0
DA:38,0
DA:41,0
DA:42,0
DA:43,0
DA:46,0
DA:47,0
DA:48,0
DA:50,0
DA:51,0
DA:52,0
DA:55,0
DA:56,0
DA:57,0
DA:60,0
DA:61,0
DA:62,0
DA:65,0
DA:72,0
DA:73,0
DA:75,0
DA:76,0
DA:77,0
DA:79,0
DA:84,0
DA:103,0
DA:113,0
DA:121,0
DA:129,0
LF:46
LH:0
BRDA:50,0,0,0
BRDA:50,0,1,0
BRDA:55,1,0,0
BRDA:55,1,1,0
BRDA:60,2,0,0
BRDA:60,2,1,0
BRDA:69,3,0,0
BRDA:69,3,1,0
BRDA:75,4,0,0
BRDA:75,4,1,0
BRF:10
BRH:0
end_of_record
TN:
SF:app/(pages)/(dashboard)/calendar/components/ViewMeetingModal.tsx
FN:38,ViewMeetingModal
FN:64,(anonymous_2)
FN:69,(anonymous_3)
FN:80,(anonymous_4)
FN:82,(anonymous_5)
FN:86,(anonymous_6)
FN:92,(anonymous_7)
FN:95,(anonymous_8)
FN:102,(anonymous_9)
FN:103,(anonymous_10)
FN:104,(anonymous_11)
FN:108,(anonymous_12)
FN:128,(anonymous_13)
FN:140,(anonymous_14)
FN:144,(anonymous_15)
FN:155,(anonymous_16)
FN:159,(anonymous_17)
FN:172,(anonymous_18)
FN:174,(anonymous_19)
FN:178,(anonymous_20)
FN:209,(anonymous_21)
FN:218,(anonymous_22)
FN:231,(anonymous_23)
FN:237,(anonymous_24)
FN:248,(anonymous_25)
FN:254,(anonymous_26)
FN:266,(anonymous_27)
FN:276,(anonymous_28)
FN:290,(anonymous_29)
FN:315,(anonymous_30)
FN:399,(anonymous_31)
FN:400,(anonymous_32)
FN:428,(anonymous_33)
FN:440,(anonymous_34)
FN:452,(anonymous_35)
FN:470,(anonymous_36)
FN:477,(anonymous_37)
FNF:37
FNH:0
FNDA:0,ViewMeetingModal
FNDA:0,(anonymous_2)
FNDA:0,(anonymous_3)
FNDA:0,(anonymous_4)
FNDA:0,(anonymous_5)
FNDA:0,(anonymous_6)
FNDA:0,(anonymous_7)
FNDA:0,(anonymous_8)
FNDA:0,(anonymous_9)
FNDA:0,(anonymous_10)
FNDA:0,(anonymous_11)
FNDA:0,(anonymous_12)
FNDA:0,(anonymous_13)
FNDA:0,(anonymous_14)
FNDA:0,(anonymous_15)
FNDA:0,(anonymous_16)
FNDA:0,(anonymous_17)
FNDA:0,(anonymous_18)
FNDA:0,(anonymous_19)
FNDA:0,(anonymous_20)
FNDA:0,(anonymous_21)
FNDA:0,(anonymous_22)
FNDA:0,(anonymous_23)
FNDA:0,(anonymous_24)
FNDA:0,(anonymous_25)
FNDA:0,(anonymous_26)
FNDA:0,(anonymous_27)
FNDA:0,(anonymous_28)
FNDA:0,(anonymous_29)
FNDA:0,(anonymous_30)
FNDA:0,(anonymous_31)
FNDA:0,(anonymous_32)
FNDA:0,(anonymous_33)
FNDA:0,(anonymous_34)
FNDA:0,(anonymous_35)
FNDA:0,(anonymous_36)
FNDA:0,(anonymous_37)
DA:3,0
DA:5,0
DA:6,0
DA:7,0
DA:8,0
DA:9,0
DA:21,0
DA:22,0
DA:31,0
DA:38,0
DA:44,0
DA:45,0
DA:47,0
DA:48,0
DA:49,0
DA:50,0
DA:51,0
DA:52,0
DA:55,0
DA:56,0
DA:57,0
DA:58,0
DA:59,0
DA:60,0
DA:61,0
DA:64,0
DA:65,0
DA:66,0
DA:67,0
DA:68,0
DA:70,0
DA:72,0
DA:73,0
DA:74,0
DA:75,0
DA:76,0
DA:77,0
DA:78,0
DA:79,0
DA:80,0
DA:83,0
DA:84,0
DA:86,0
DA:90,0
DA:92,0
DA:93,0
DA:95,0
DA:96,0
DA:97,0
DA:98,0
DA:99,0
DA:102,0
DA:103,0
DA:104,0
DA:108,0
DA:109,0
DA:110,0
DA:112,0
DA:113,0
DA:115,0
DA:116,0
DA:117,0
DA:120,0
DA:128,0
DA:129,0
DA:130,0
DA:131,0
DA:132,0
DA:133,0
DA:135,0
DA:140,0
DA:141,0
DA:142,0
DA:144,0
DA:145,0
DA:146,0
DA:147,0
DA:148,0
DA:150,0
DA:155,0
DA:156,0
DA:157,0
DA:159,0
DA:160,0
DA:161,0
DA:163,0
DA:164,0
DA:165,0
DA:167,0
DA:172,0
DA:173,0
DA:174,0
DA:175,0
DA:178,0
DA:179,0
DA:180,0
DA:181,0
DA:182,0
DA:209,0
DA:218,0
DA:231,0
DA:237,0
DA:248,0
DA:254,0
DA:267,0
DA:276,0
DA:290,0
DA:315,0
DA:400,0
DA:401,0
DA:402,0
DA:403,0
DA:428,0
DA:440,0
DA:452,0
DA:470,0
DA:477,0
LF:117
LH:0
BRDA:65,0,0,0
BRDA:65,0,1,0
BRDA:65,1,0,0
BRDA:65,1,1,0
BRDA:73,2,0,0
BRDA:73,2,1,0
BRDA:80,3,0,0
BRDA:80,3,1,0
BRDA:90,4,0,0
BRDA:90,4,1,0
BRDA:90,4,2,0
BRDA:104,5,0,0
BRDA:104,5,1,0
BRDA:109,6,0,0
BRDA:109,6,1,0
BRDA:115,7,0,0
BRDA:115,7,1,0
BRDA:122,8,0,0
BRDA:122,8,1,0
BRDA:130,9,0,0
BRDA:130,9,1,0
BRDA:141,10,0,0
BRDA:141,10,1,0
BRDA:146,11,0,0
BRDA:146,11,1,0
BRDA:156,12,0,0
BRDA:156,12,1,0
BRDA:161,13,0,0
BRDA:161,13,1,0
BRDA:173,14,0,0
BRDA:173,14,1,0
BRDA:175,15,0,0
BRDA:175,15,1,0
BRDA:179,16,0,0
BRDA:179,16,1,0
BRDA:180,17,0,0
BRDA:180,17,1,0
BRDA:181,18,0,0
BRDA:181,18,1,0
BRDA:181,19,0,0
BRDA:181,19,1,0
BRDA:182,20,0,0
BRDA:182,20,1,0
BRDA:188,21,0,0
BRDA:192,22,0,0
BRDA:197,23,0,0
BRDA:198,24,0,0
BRDA:270,25,0,0
BRDA:270,25,1,0
BRDA:297,26,0,0
BRDA:297,26,1,0
BRDA:300,27,0,0
BRDA:307,28,0,0
BRDA:325,29,0,0
BRDA:333,30,0,0
BRDA:345,31,0,0
BRDA:386,32,0,0
BRDA:393,33,0,0
BRDA:393,33,1,0
BRDA:409,34,0,0
BRDA:409,34,1,0
BRDA:423,35,0,0
BRDA:431,36,0,0
BRDA:431,36,1,0
BRDA:443,37,0,0
BRDA:443,37,1,0
BRDA:455,38,0,0
BRDA:455,38,1,0
BRDA:467,39,0,0
BRF:69
BRH:0
end_of_record
TN:
SF:app/(pages)/(dashboard)/calendar/components/ViewTaskModal.tsx
FN:36,ViewTaskModal
FN:63,(anonymous_2)
FN:68,(anonymous_3)
FN:80,(anonymous_4)
FN:84,(anonymous_5)
FN:90,(anonymous_6)
FN:97,(anonymous_7)
FN:125,(anonymous_8)
FN:137,(anonymous_9)
FN:141,(anonymous_10)
FN:152,(anonymous_11)
FN:156,(anonymous_12)
FN:160,(anonymous_13)
FN:169,(anonymous_14)
FN:181,(anonymous_15)
FN:207,(anonymous_16)
FN:216,(anonymous_17)
FN:227,(anonymous_18)
FN:230,(anonymous_19)
FN:243,(anonymous_20)
FN:253,(anonymous_21)
FN:257,(anonymous_22)
FN:272,(anonymous_23)
FN:276,(anonymous_24)
FN:287,(anonymous_25)
FN:291,(anonymous_26)
FN:302,(anonymous_27)
FN:306,(anonymous_28)
FN:319,(anonymous_29)
FN:344,(anonymous_30)
FN:418,(anonymous_31)
FN:425,(anonymous_32)
FNF:32
FNH:0
FNDA:0,ViewTaskModal
FNDA:0,(anonymous_2)
FNDA:0,(anonymous_3)
FNDA:0,(anonymous_4)
FNDA:0,(anonymous_5)
FNDA:0,(anonymous_6)
FNDA:0,(anonymous_7)
FNDA:0,(anonymous_8)
FNDA:0,(anonymous_9)
FNDA:0,(anonymous_10)
FNDA:0,(anonymous_11)
FNDA:0,(anonymous_12)
FNDA:0,(anonymous_13)
FNDA:0,(anonymous_14)
FNDA:0,(anonymous_15)
FNDA:0,(anonymous_16)
FNDA:0,(anonymous_17)
FNDA:0,(anonymous_18)
FNDA:0,(anonymous_19)
FNDA:0,(anonymous_20)
FNDA:0,(anonymous_21)
FNDA:0,(anonymous_22)
FNDA:0,(anonymous_23)
FNDA:0,(anonymous_24)
FNDA:0,(anonymous_25)
FNDA:0,(anonymous_26)
FNDA:0,(anonymous_27)
FNDA:0,(anonymous_28)
FNDA:0,(anonymous_29)
FNDA:0,(anonymous_30)
FNDA:0,(anonymous_31)
FNDA:0,(anonymous_32)
DA:3,0
DA:5,0
DA:6,0
DA:7,0
DA:8,0
DA:9,0
DA:19,0
DA:20,0
DA:29,0
DA:36,0
DA:42,0
DA:43,0
DA:45,0
DA:46,0
DA:47,0
DA:48,0
DA:49,0
DA:50,0
DA:53,0
DA:54,0
DA:55,0
DA:56,0
DA:57,0
DA:58,0
DA:59,0
DA:60,0
DA:63,0
DA:64,0
DA:65,0
DA:66,0
DA:67,0
DA:69,0
DA:71,0
DA:72,0
DA:73,0
DA:74,0
DA:75,0
DA:76,0
DA:77,0
DA:78,0
DA:81,0
DA:82,0
DA:84,0
DA:88,0
DA:90,0
DA:91,0
DA:92,0
DA:93,0
DA:94,0
DA:97,0
DA:98,0
DA:99,0
DA:101,0
DA:108,0
DA:109,0
DA:110,0
DA:111,0
DA:112,0
DA:113,0
DA:114,0
DA:115,0
DA:116,0
DA:117,0
DA:118,0
DA:119,0
DA:120,0
DA:121,0
DA:125,0
DA:126,0
DA:127,0
DA:128,0
DA:129,0
DA:130,0
DA:132,0
DA:137,0
DA:138,0
DA:139,0
DA:141,0
DA:142,0
DA:143,0
DA:144,0
DA:145,0
DA:147,0
DA:152,0
DA:153,0
DA:155,0
DA:156,0
DA:157,0
DA:159,0
DA:160,0
DA:161,0
DA:163,0
DA:164,0
DA:166,0
DA:169,0
DA:171,0
DA:181,0
DA:207,0
DA:216,0
DA:227,0
DA:231,0
DA:243,0
DA:254,0
DA:257,0
DA:272,0
DA:277,0
DA:287,0
DA:292,0
DA:302,0
DA:307,0
DA:319,0
DA:344,0
DA:418,0
DA:425,0
LF:114
LH:0
BRDA:64,0,0,0
BRDA:64,0,1,0
BRDA:64,1,0,0
BRDA:64,1,1,0
BRDA:72,2,0,0
BRDA:72,2,1,0
BRDA:78,3,0,0
BRDA:78,3,1,0
BRDA:88,4,0,0
BRDA:88,4,1,0
BRDA:88,4,2,0
BRDA:98,5,0,0
BRDA:98,5,1,0
BRDA:103,6,0,0
BRDA:103,6,1,0
BRDA:108,7,0,0
BRDA:108,7,1,0
BRDA:110,8,0,0
BRDA:110,8,1,0
BRDA:114,9,0,0
BRDA:114,9,1,0
BRDA:118,10,0,0
BRDA:118,10,1,0
BRDA:127,11,0,0
BRDA:127,11,1,0
BRDA:138,12,0,0
BRDA:138,12,1,0
BRDA:143,13,0,0
BRDA:143,13,1,0
BRDA:153,14,0,0
BRDA:153,14,1,0
BRDA:155,15,0,0
BRDA:155,15,1,0
BRDA:155,16,0,0
BRDA:155,16,1,0
BRDA:157,17,0,0
BRDA:157,17,1,0
BRDA:159,18,0,0
BRDA:159,18,1,0
BRDA:159,19,0,0
BRDA:159,19,1,0
BRDA:161,20,0,0
BRDA:161,20,1,0
BRDA:163,21,0,0
BRDA:163,21,1,0
BRDA:163,22,0,0
BRDA:163,22,1,0
BRDA:186,23,0,0
BRDA:190,24,0,0
BRDA:195,25,0,0
BRDA:196,26,0,0
BRDA:249,27,0,0
BRDA:259,28,0,0
BRDA:259,28,1,0
BRDA:269,29,0,0
BRDA:271,30,0,0
BRDA:271,30,1,0
BRDA:272,31,0,0
BRDA:272,31,1,0
BRDA:284,32,0,0
BRDA:286,33,0,0
BRDA:286,33,1,0
BRDA:287,34,0,0
BRDA:287,34,1,0
BRDA:299,35,0,0
BRDA:326,36,0,0
BRDA:326,36,1,0
BRDA:329,37,0,0
BRDA:336,38,0,0
BRDA:354,39,0,0
BRDA:362,40,0,0
BRDA:374,41,0,0
BRDA:410,42,0,0
BRDA:415,43,0,0
BRF:74
BRH:0
end_of_record
TN:
SF:app/(pages)/(dashboard)/calendar/components/ViewTimeOffModal.tsx
FN:43,ViewTimeOffModal
FN:61,(anonymous_2)
FN:66,(anonymous_3)
FN:69,(anonymous_4)
FN:73,(anonymous_5)
FN:85,(anonymous_6)
FN:93,(anonymous_7)
FN:110,(anonymous_8)
FN:130,(anonymous_9)
FN:135,(anonymous_10)
FN:140,(anonymous_11)
FN:165,(anonymous_12)
FN:198,(anonymous_13)
FN:213,(anonymous_14)
FN:220,(anonymous_15)
FN:229,(anonymous_16)
FN:342,(anonymous_17)
FN:351,(anonymous_18)
FNF:18
FNH:0
FNDA:0,ViewTimeOffModal
FNDA:0,(anonymous_2)
FNDA:0,(anonymous_3)
FNDA:0,(anonymous_4)
FNDA:0,(anonymous_5)
FNDA:0,(anonymous_6)
FNDA:0,(anonymous_7)
FNDA:0,(anonymous_8)
FNDA:0,(anonymous_9)
FNDA:0,(anonymous_10)
FNDA:0,(anonymous_11)
FNDA:0,(anonymous_12)
FNDA:0,(anonymous_13)
FNDA:0,(anonymous_14)
FNDA:0,(anonymous_15)
FNDA:0,(anonymous_16)
FNDA:0,(anonymous_17)
FNDA:0,(anonymous_18)
DA:3,0
DA:4,0
DA:5,0
DA:6,0
DA:7,0
DA:17,0
DA:18,0
DA:27,0
DA:34,0
DA:43,0
DA:49,0
DA:51,0
DA:52,0
DA:53,0
DA:54,0
DA:55,0
DA:56,0
DA:57,0
DA:58,0
DA:61,0
DA:62,0
DA:63,0
DA:64,0
DA:65,0
DA:67,0
DA:70,0
DA:71,0
DA:73,0
DA:77,0
DA:80,0
DA:85,0
DA:86,0
DA:87,0
DA:88,0
DA:89,0
DA:90,0
DA:93,0
DA:94,0
DA:95,0
DA:96,0
DA:98,0
DA:99,0
DA:100,0
DA:101,0
DA:103,0
DA:104,0
DA:106,0
DA:110,0
DA:111,0
DA:112,0
DA:113,0
DA:115,0
DA:116,0
DA:120,0
DA:121,0
DA:123,0
DA:124,0
DA:126,0
DA:130,0
DA:131,0
DA:132,0
DA:135,0
DA:136,0
DA:137,0
DA:140,0
DA:141,0
DA:142,0
DA:165,0
DA:198,0
DA:213,0
DA:220,0
DA:229,0
DA:342,0
DA:351,0
LF:74
LH:0
BRDA:62,0,0,0
BRDA:62,0,1,0
BRDA:62,1,0,0
BRDA:62,1,1,0
BRDA:77,2,0,0
BRDA:77,2,1,0
BRDA:77,2,2,0
BRDA:80,3,0,0
BRDA:80,3,1,0
BRDA:80,3,2,0
BRDA:80,3,3,0
BRDA:94,4,0,0
BRDA:94,4,1,0
BRDA:111,5,0,0
BRDA:111,5,1,0
BRDA:118,6,0,0
BRDA:118,6,1,0
BRDA:131,7,0,0
BRDA:131,7,1,0
BRDA:136,8,0,0
BRDA:136,8,1,0
BRDA:141,9,0,0
BRDA:141,9,1,0
BRDA:148,10,0,0
BRDA:152,11,0,0
BRDA:157,12,0,0
BRDA:175,13,0,0
BRDA:182,14,0,0
BRDA:188,15,0,0
BRDA:188,15,1,0
BRDA:205,16,0,0
BRDA:224,17,0,0
BRDA:233,18,0,0
BRDA:243,19,0,0
BRDA:262,20,0,0
BRDA:298,21,0,0
BRDA:298,21,1,0
BRDA:303,22,0,0
BRDA:311,23,0,0
BRDA:311,23,1,0
BRDA:311,23,2,0
BRDA:314,24,0,0
BRDA:314,24,1,0
BRDA:317,25,0,0
BRDA:322,26,0,0
BRDA:338,27,0,0
BRDA:338,27,1,0
BRDA:340,28,0,0
BRDA:349,29,0,0
BRF:49
BRH:0
end_of_record
TN:
SF:app/(pages)/(dashboard)/dashboard-stats/SquadBreakdown.tsx
FN:23,SquadBreakdown
FN:28,(anonymous_3)
FN:29,(anonymous_4)
FN:30,(anonymous_5)
FN:33,(anonymous_6)
FN:35,(anonymous_7)
FN:52,(anonymous_8)
FN:54,(anonymous_9)
FN:60,(anonymous_10)
FN:69,(anonymous_11)
FN:72,(anonymous_12)
FN:96,(anonymous_13)
FN:100,(anonymous_14)
FN:101,(anonymous_15)
FN:116,(anonymous_16)
FN:138,(anonymous_17)
FNF:16
FNH:0
FNDA:0,SquadBreakdown
FNDA:0,(anonymous_3)
FNDA:0,(anonymous_4)
FNDA:0,(anonymous_5)
FNDA:0,(anonymous_6)
FNDA:0,(anonymous_7)
FNDA:0,(anonymous_8)
FNDA:0,(anonymous_9)
FNDA:0,(anonymous_10)
FNDA:0,(anonymous_11)
FNDA:0,(anonymous_12)
FNDA:0,(anonymous_13)
FNDA:0,(anonymous_14)
FNDA:0,(anonymous_15)
FNDA:0,(anonymous_16)
FNDA:0,(anonymous_17)
DA:3,0
DA:4,0
DA:5,0
DA:7,0
DA:8,0
DA:9,0
DA:23,0
DA:24,0
DA:25,0
DA:26,0
DA:28,0
DA:29,0
DA:30,0
DA:33,0
DA:34,0
DA:35,0
DA:36,0
DA:37,0
DA:39,0
DA:40,0
DA:41,0
DA:42,0
DA:44,0
DA:45,0
DA:48,0
DA:51,0
DA:53,0
DA:54,0
DA:60,0
DA:62,0
DA:69,0
DA:72,0
DA:73,0
DA:74,0
DA:75,0
DA:100,0
DA:101,0
DA:116,0
DA:139,0
DA:151,0
DA:152,0
DA:155,0
LF:42
LH:0
BRDA:34,0,0,0
BRDA:34,0,1,0
BRDA:36,1,0,0
BRDA:36,1,1,0
BRDA:37,2,0,0
BRDA:37,2,1,0
BRDA:41,3,0,0
BRDA:41,3,1,0
BRDA:45,4,0,0
BRDA:45,4,1,0
BRDA:80,5,0,0
BRDA:80,5,1,0
BRDA:87,6,0,0
BRDA:107,7,0,0
BRDA:107,7,1,0
BRDA:114,8,0,0
BRDA:114,8,1,0
BRDA:119,9,0,0
BRDA:122,10,0,0
BRDA:122,10,1,0
BRDA:131,11,0,0
BRDA:131,11,1,0
BRDA:134,12,0,0
BRDA:134,12,1,0
BRDA:151,13,0,0
BRDA:151,13,1,0
BRDA:163,14,0,0
BRF:27
BRH:0
end_of_record
TN:
SF:app/(pages)/(dashboard)/dashboard-stats/StatsCards.tsx
FN:16,StatsCards
FN:22,(anonymous_2)
FN:23,(anonymous_3)
FN:24,(anonymous_4)
FN:27,(anonymous_5)
FN:28,(anonymous_6)
FN:40,(anonymous_7)
FN:51,(anonymous_8)
FN:63,(anonymous_9)
FN:64,(anonymous_10)
FN:123,AnimatedNumber
FN:126,(anonymous_12)
FN:138,(anonymous_13)
FN:148,(anonymous_14)
FNF:14
FNH:0
FNDA:0,StatsCards
FNDA:0,(anonymous_2)
FNDA:0,(anonymous_3)
FNDA:0,(anonymous_4)
FNDA:0,(anonymous_5)
FNDA:0,(anonymous_6)
FNDA:0,(anonymous_7)
FNDA:0,(anonymous_8)
FNDA:0,(anonymous_9)
FNDA:0,(anonymous_10)
FNDA:0,AnimatedNumber
FNDA:0,(anonymous_12)
FNDA:0,(anonymous_13)
FNDA:0,(anonymous_14)
DA:3,0
DA:4,0
DA:6,0
DA:7,0
DA:10,0
DA:16,0
DA:17,0
DA:18,0
DA:19,0
DA:20,0
DA:22,0
DA:23,0
DA:24,0
DA:27,0
DA:28,0
DA:29,0
DA:30,0
DA:31,0
DA:32,0
DA:33,0
DA:35,0
DA:36,0
DA:37,0
DA:39,0
DA:40,0
DA:41,0
DA:42,0
DA:43,0
DA:45,0
DA:47,0
DA:48,0
DA:49,0
DA:50,0
DA:51,0
DA:53,0
DA:55,0
DA:59,0
DA:62,0
DA:63,0
DA:64,0
DA:66,0
DA:124,0
DA:126,0
DA:127,0
DA:128,0
DA:129,0
DA:132,0
DA:133,0
DA:134,0
DA:135,0
DA:136,0
DA:138,0
DA:139,0
DA:140,0
DA:141,0
DA:142,0
DA:144,0
DA:148,0
LF:58
LH:0
BRDA:17,0,0,0
BRDA:17,0,1,0
BRDA:40,1,0,0
BRDA:40,1,1,0
BRDA:41,2,0,0
BRDA:41,2,1,0
BRDA:43,3,0,0
BRDA:43,3,1,0
BRDA:50,4,0,0
BRDA:50,4,1,0
BRDA:71,5,0,0
BRDA:71,5,1,0
BRDA:127,6,0,0
BRDA:127,6,1,0
BRDA:140,7,0,0
BRDA:140,7,1,0
BRF:16
BRH:0
end_of_record
TN:
SF:app/(pages)/(dashboard)/dashboard-stats/TimeOffWidget.tsx
FN:27,TimeOffWidget
FN:49,(anonymous_3)
FN:56,(anonymous_4)
FN:68,(anonymous_5)
FN:72,(anonymous_6)
FN:76,(anonymous_7)
FN:95,(anonymous_8)
FN:96,(anonymous_9)
FN:107,(anonymous_10)
FN:111,(anonymous_11)
FN:115,(anonymous_12)
FN:123,(anonymous_13)
FN:140,(anonymous_14)
FN:146,(anonymous_15)
FN:163,(anonymous_16)
FN:204,(anonymous_17)
FN:227,(anonymous_18)
FN:271,(anonymous_19)
FN:282,(anonymous_20)
FN:302,(anonymous_21)
FN:335,(anonymous_22)
FN:369,(anonymous_23)
FN:422,(anonymous_24)
FN:430,(anonymous_25)
FN:440,(anonymous_26)
FNF:25
FNH:0
FNDA:0,TimeOffWidget
FNDA:0,(anonymous_3)
FNDA:0,(anonymous_4)
FNDA:0,(anonymous_5)
FNDA:0,(anonymous_6)
FNDA:0,(anonymous_7)
FNDA:0,(anonymous_8)
FNDA:0,(anonymous_9)
FNDA:0,(anonymous_10)
FNDA:0,(anonymous_11)
FNDA:0,(anonymous_12)
FNDA:0,(anonymous_13)
FNDA:0,(anonymous_14)
FNDA:0,(anonymous_15)
FNDA:0,(anonymous_16)
FNDA:0,(anonymous_17)
FNDA:0,(anonymous_18)
FNDA:0,(anonymous_19)
FNDA:0,(anonymous_20)
FNDA:0,(anonymous_21)
FNDA:0,(anonymous_22)
FNDA:0,(anonymous_23)
FNDA:0,(anonymous_24)
FNDA:0,(anonymous_25)
FNDA:0,(anonymous_26)
DA:3,0
DA:4,0
DA:5,0
DA:6,0
DA:13,0
DA:14,0
DA:15,0
DA:16,0
DA:17,0
DA:18,0
DA:19,0
DA:27,0
DA:28,0
DA:29,0
DA:31,0
DA:32,0
DA:33,0
DA:34,0
DA:35,0
DA:38,0
DA:39,0
DA:42,0
DA:43,0
DA:45,0
DA:46,0
DA:49,0
DA:50,0
DA:51,0
DA:52,0
DA:56,0
DA:57,0
DA:58,0
DA:60,0
DA:61,0
DA:63,0
DA:66,0
DA:69,0
DA:72,0
DA:76,0
DA:77,0
DA:78,0
DA:80,0
DA:84,0
DA:85,0
DA:86,0
DA:89,0
DA:90,0
DA:91,0
DA:92,0
DA:95,0
DA:96,0
DA:97,0
DA:98,0
DA:99,0
DA:101,0
DA:103,0
DA:107,0
DA:108,0
DA:109,0
DA:111,0
DA:115,0
DA:116,0
DA:118,0
DA:119,0
DA:121,0
DA:122,0
DA:124,0
DA:127,0
DA:129,0
DA:130,0
DA:136,0
DA:140,0
DA:141,0
DA:142,0
DA:144,0
DA:145,0
DA:146,0
DA:147,0
DA:148,0
DA:149,0
DA:152,0
DA:153,0
DA:159,0
DA:163,0
DA:164,0
DA:165,0
DA:167,0
DA:168,0
DA:170,0
DA:171,0
DA:177,0
DA:181,0
DA:204,0
DA:227,0
DA:271,0
DA:282,0
DA:302,0
DA:336,0
DA:337,0
DA:339,0
DA:341,0
DA:348,0
DA:352,0
DA:369,0
DA:422,0
DA:430,0
DA:440,0
LF:107
LH:0
BRDA:27,0,0,0
BRDA:29,1,0,0
BRDA:29,1,1,0
BRDA:60,2,0,0
BRDA:60,2,1,0
BRDA:61,3,0,0
BRDA:61,3,1,0
BRDA:63,4,0,0
BRDA:63,4,1,0
BRDA:69,5,0,0
BRDA:69,5,1,0
BRDA:77,6,0,0
BRDA:77,6,1,0
BRDA:78,7,0,0
BRDA:78,7,1,0
BRDA:80,8,0,0
BRDA:80,8,1,0
BRDA:84,9,0,0
BRDA:84,9,1,0
BRDA:85,10,0,0
BRDA:85,10,1,0
BRDA:86,11,0,0
BRDA:86,11,1,0
BRDA:89,12,0,0
BRDA:89,12,1,0
BRDA:98,13,0,0
BRDA:98,13,1,0
BRDA:108,14,0,0
BRDA:108,14,1,0
BRDA:116,15,0,0
BRDA:116,15,1,0
BRDA:131,16,0,0
BRDA:131,16,1,0
BRDA:154,17,0,0
BRDA:154,17,1,0
BRDA:172,18,0,0
BRDA:172,18,1,0
BRDA:186,19,0,0
BRDA:186,19,1,0
BRDA:194,20,0,0
BRDA:206,21,0,0
BRDA:206,21,1,0
BRDA:214,22,0,0
BRDA:217,23,0,0
BRDA:217,23,1,0
BRDA:229,24,0,0
BRDA:229,24,1,0
BRDA:237,25,0,0
BRDA:240,26,0,0
BRDA:240,26,1,0
BRDA:255,27,0,0
BRDA:255,27,1,0
BRDA:255,27,2,0
BRDA:261,28,0,0
BRDA:261,28,1,0
BRDA:266,29,0,0
BRDA:266,29,1,0
BRDA:268,30,0,0
BRDA:275,31,0,0
BRDA:275,31,1,0
BRDA:286,32,0,0
BRDA:286,32,1,0
BRDA:297,33,0,0
BRDA:311,34,0,0
BRDA:316,35,0,0
BRDA:318,36,0,0
BRDA:321,37,0,0
BRDA:321,37,1,0
BRDA:328,38,0,0
BRDA:328,38,1,0
BRDA:341,39,0,0
BRDA:341,39,1,0
BRDA:343,40,0,0
BRDA:343,40,1,0
BRDA:348,41,0,0
BRDA:348,41,1,0
BRDA:348,41,2,0
BRDA:357,42,0,0
BRDA:357,42,1,0
BRDA:359,43,0,0
BRDA:359,43,1,0
BRDA:362,44,0,0
BRDA:362,44,1,0
BRDA:365,45,0,0
BRDA:365,45,1,0
BRDA:378,46,0,0
BRDA:377,47,0,0
BRDA:377,47,1,0
BRDA:388,48,0,0
BRDA:388,48,1,0
BRDA:389,49,0,0
BRDA:389,49,1,0
BRDA:403,50,0,0
BRDA:417,51,0,0
BRDA:420,52,0,0
BRDA:465,53,0,0
BRF:96
BRH:0
end_of_record
TN:
SF:app/(pages)/(dashboard)/dashboard-stats/TimeOffWidgetSkeleton.tsx
FN:1,TimeOffWidgetSkeleton
FN:19,(anonymous_2)
FNF:2
FNH:0
FNDA:0,TimeOffWidgetSkeleton
FNDA:0,(anonymous_2)
DA:1,0
DA:20,0
LF:2
LH:0
BRF:0
BRH:0
end_of_record
TN:
SF:app/(pages)/(dashboard)/employee/[id]/EmployeePageClient.tsx
FN:30,EmployeePageClient
FN:50,(anonymous_3)
FN:55,(anonymous_4)
FN:107,(anonymous_5)
FN:128,(anonymous_6)
FN:129,(anonymous_7)
FN:130,(anonymous_8)
FN:180,(anonymous_9)
FN:265,(anonymous_10)
FN:266,(anonymous_11)
FN:274,(anonymous_12)
FN:302,(anonymous_13)
FNF:12
FNH:0
FNDA:0,EmployeePageClient
FNDA:0,(anonymous_3)
FNDA:0,(anonymous_4)
FNDA:0,(anonymous_5)
FNDA:0,(anonymous_6)
FNDA:0,(anonymous_7)
FNDA:0,(anonymous_8)
FNDA:0,(anonymous_9)
FNDA:0,(anonymous_10)
FNDA:0,(anonymous_11)
FNDA:0,(anonymous_12)
FNDA:0,(anonymous_13)
DA:3,0
DA:4,0
DA:5,0
DA:7,0
DA:8,0
DA:9,0
DA:10,0
DA:11,0
DA:23,0
DA:30,0
DA:31,0
DA:32,0
DA:33,0
DA:34,0
DA:35,0
DA:36,0
DA:37,0
DA:40,0
DA:45,0
DA:50,0
DA:51,0
DA:52,0
DA:55,0
DA:56,0
DA:57,0
DA:58,0
DA:59,0
DA:60,0
DA:61,0
DA:63,0
DA:65,0
DA:69,0
DA:79,0
DA:107,0
DA:128,0
DA:130,0
DA:181,0
DA:265,0
DA:267,0
DA:268,0
DA:274,0
DA:302,0
LF:42
LH:0
BRDA:40,0,0,0
BRDA:40,0,1,0
BRDA:40,0,2,0
BRDA:40,0,3,0
BRDA:45,1,0,0
BRDA:45,1,1,0
BRDA:45,1,2,0
BRDA:45,1,3,0
BRDA:45,1,4,0
BRDA:63,2,0,0
BRDA:63,2,1,0
BRDA:69,3,0,0
BRDA:69,3,1,0
BRDA:79,4,0,0
BRDA:79,4,1,0
BRDA:79,4,2,0
BRDA:79,4,3,0
BRDA:96,5,0,0
BRDA:105,6,0,0
BRDA:117,7,0,0
BRDA:127,8,0,0
BRDA:127,8,1,0
BRDA:168,9,0,0
BRDA:168,9,1,0
BRDA:179,10,0,0
BRDA:201,11,0,0
BRDA:201,11,1,0
BRDA:274,12,0,0
BRDA:274,12,1,0
BRDA:296,13,0,0
BRDA:314,14,0,0
BRF:31
BRH:0
end_of_record
TN:
SF:app/(pages)/(dashboard)/employee/[id]/page.tsx
FN:11,EmployeePage
FNF:1
FNH:0
FNDA:0,EmployeePage
DA:1,0
DA:2,0
DA:3,0
DA:4,0
DA:5,0
DA:11,0
DA:12,0
DA:13,0
DA:15,0
DA:16,0
DA:19,0
DA:20,0
DA:28,0
DA:46,0
LF:14
LH:0
BRDA:15,0,0,0
BRDA:15,0,1,0
BRDA:28,1,0,0
BRDA:28,1,1,0
BRDA:28,2,0,0
BRDA:28,2,1,0
BRF:6
BRH:0
end_of_record
TN:
SF:app/(pages)/(dashboard)/orgchart/OrgChartContent.tsx
FN:17,OrgChartContent
FNF:1
FNH:0
FNDA:0,OrgChartContent
DA:6,0
DA:7,0
DA:17,0
DA:19,0
DA:27,0
LF:5
LH:0
BRDA:27,0,0,0
BRDA:27,0,1,0
BRF:2
BRH:0
end_of_record
TN:
SF:app/(pages)/(dashboard)/orgchart/OrgChartPageClient.tsx
FN:55,OrgChartPageClient
FN:82,(anonymous_3)
FN:84,(anonymous_4)
FN:104,(anonymous_5)
FN:110,(anonymous_6)
FN:118,(anonymous_7)
FN:134,(anonymous_8)
FN:136,(anonymous_9)
FN:149,(anonymous_10)
FN:167,(anonymous_11)
FN:172,(anonymous_12)
FN:177,(anonymous_13)
FN:183,(anonymous_14)
FN:187,(anonymous_15)
FN:217,(anonymous_16)
FN:224,(anonymous_17)
FN:240,(anonymous_18)
FN:244,(anonymous_19)
FN:257,(anonymous_20)
FN:269,(anonymous_21)
FN:292,(anonymous_22)
FN:293,(anonymous_23)
FN:305,(anonymous_24)
FN:346,(anonymous_25)
FN:353,(anonymous_26)
FN:401,(anonymous_27)
FN:437,(anonymous_28)
FN:439,(anonymous_29)
FN:462,(anonymous_30)
FN:463,(anonymous_31)
FN:469,(anonymous_32)
FN:475,(anonymous_33)
FN:490,(anonymous_34)
FNF:33
FNH:0
FNDA:0,OrgChartPageClient
FNDA:0,(anonymous_3)
FNDA:0,(anonymous_4)
FNDA:0,(anonymous_5)
FNDA:0,(anonymous_6)
FNDA:0,(anonymous_7)
FNDA:0,(anonymous_8)
FNDA:0,(anonymous_9)
FNDA:0,(anonymous_10)
FNDA:0,(anonymous_11)
FNDA:0,(anonymous_12)
FNDA:0,(anonymous_13)
FNDA:0,(anonymous_14)
FNDA:0,(anonymous_15)
FNDA:0,(anonymous_16)
FNDA:0,(anonymous_17)
FNDA:0,(anonymous_18)
FNDA:0,(anonymous_19)
FNDA:0,(anonymous_20)
FNDA:0,(anonymous_21)
FNDA:0,(anonymous_22)
FNDA:0,(anonymous_23)
FNDA:0,(anonymous_24)
FNDA:0,(anonymous_25)
FNDA:0,(anonymous_26)
FNDA:0,(anonymous_27)
FNDA:0,(anonymous_28)
FNDA:0,(anonymous_29)
FNDA:0,(anonymous_30)
FNDA:0,(anonymous_31)
FNDA:0,(anonymous_32)
FNDA:0,(anonymous_33)
FNDA:0,(anonymous_34)
DA:3,0
DA:9,0
DA:16,0
DA:17,0
DA:18,0
DA:19,0
DA:20,0
DA:21,0
DA:22,0
DA:27,0
DA:38,0
DA:45,0
DA:55,0
DA:62,0
DA:64,0
DA:65,0
DA:66,0
DA:67,0
DA:68,0
DA:69,0
DA:70,0
DA:71,0
DA:72,0
DA:73,0
DA:74,0
DA:75,0
DA:76,0
DA:82,0
DA:83,0
DA:84,0
DA:85,0
DA:86,0
DA:88,0
DA:89,0
DA:93,0
DA:102,0
DA:103,0
DA:104,0
DA:105,0
DA:110,0
DA:111,0
DA:112,0
DA:113,0
DA:118,0
DA:119,0
DA:120,0
DA:122,0
DA:124,0
DA:125,0
DA:127,0
DA:128,0
DA:130,0
DA:134,0
DA:135,0
DA:136,0
DA:137,0
DA:138,0
DA:139,0
DA:140,0
DA:142,0
DA:144,0
DA:149,0
DA:150,0
DA:151,0
DA:152,0
DA:155,0
DA:156,0
DA:157,0
DA:158,0
DA:160,0
DA:162,0
DA:167,0
DA:168,0
DA:172,0
DA:173,0
DA:177,0
DA:178,0
DA:180,0
DA:181,0
DA:183,0
DA:184,0
DA:185,0
DA:186,0
DA:187,0
DA:188,0
DA:189,0
DA:191,0
DA:193,0
DA:195,0
DA:196,0
DA:197,0
DA:199,0
DA:203,0
DA:204,0
DA:205,0
DA:206,0
DA:207,0
DA:209,0
DA:212,0
DA:217,0
DA:218,0
DA:219,0
DA:220,0
DA:223,0
DA:224,0
DA:225,0
DA:229,0
DA:230,0
DA:231,0
DA:233,0
DA:235,0
DA:240,0
DA:241,0
DA:243,0
DA:244,0
DA:245,0
DA:246,0
DA:247,0
DA:248,0
DA:250,0
DA:252,0
DA:257,0
DA:263,0
DA:264,0
DA:265,0
DA:268,0
DA:269,0
DA:270,0
DA:276,0
DA:277,0
DA:278,0
DA:279,0
DA:280,0
DA:281,0
DA:283,0
DA:285,0
DA:287,0
DA:292,0
DA:293,0
DA:294,0
DA:295,0
DA:296,0
DA:298,0
DA:300,0
DA:305,0
DA:306,0
DA:307,0
DA:308,0
DA:310,0
DA:314,0
DA:322,0
DA:346,0
DA:353,0
DA:402,0
DA:438,0
DA:439,0
DA:440,0
DA:441,0
DA:443,0
DA:444,0
DA:462,0
DA:463,0
DA:469,0
DA:475,0
DA:490,0
LF:165
LH:0
BRDA:64,0,0,0
BRDA:64,0,1,0
BRDA:65,1,0,0
BRDA:65,1,1,0
BRDA:66,2,0,0
BRDA:66,2,1,0
BRDA:73,3,0,0
BRDA:73,3,1,0
BRDA:103,4,0,0
BRDA:103,4,1,0
BRDA:112,5,0,0
BRDA:112,5,1,0
BRDA:122,6,0,0
BRDA:122,6,1,0
BRDA:127,7,0,0
BRDA:127,7,1,0
BRDA:127,8,0,0
BRDA:127,8,1,0
BRDA:128,9,0,0
BRDA:128,9,1,0
BRDA:138,10,0,0
BRDA:138,10,1,0
BRDA:150,11,0,0
BRDA:150,11,1,0
BRDA:178,12,0,0
BRDA:178,12,1,0
BRDA:184,13,0,0
BRDA:184,13,1,0
BRDA:186,14,0,0
BRDA:186,14,1,0
BRDA:188,15,0,0
BRDA:188,15,1,0
BRDA:195,16,0,0
BRDA:195,16,1,0
BRDA:197,17,0,0
BRDA:197,17,1,0
BRDA:203,18,0,0
BRDA:203,18,1,0
BRDA:218,19,0,0
BRDA:218,19,1,0
BRDA:229,20,0,0
BRDA:229,20,1,0
BRDA:241,21,0,0
BRDA:241,21,1,0
BRDA:246,22,0,0
BRDA:246,22,1,0
BRDA:263,23,0,0
BRDA:263,23,1,0
BRDA:272,24,0,0
BRDA:272,24,1,0
BRDA:276,25,0,0
BRDA:276,25,1,0
BRDA:280,26,0,0
BRDA:280,26,1,0
BRDA:280,27,0,0
BRDA:280,27,1,0
BRDA:295,28,0,0
BRDA:295,28,1,0
BRDA:314,29,0,0
BRDA:314,29,1,0
BRDA:322,30,0,0
BRDA:322,30,1,0
BRDA:336,31,0,0
BRDA:336,31,1,0
BRDA:338,32,0,0
BRDA:338,32,1,0
BRDA:343,33,0,0
BRDA:363,34,0,0
BRDA:363,34,1,0
BRDA:368,35,0,0
BRDA:379,36,0,0
BRDA:379,36,1,0
BRDA:379,37,0,0
BRDA:379,37,1,0
BRDA:384,38,0,0
BRDA:397,39,0,0
BRDA:398,40,0,0
BRDA:398,40,1,0
BRDA:398,41,0,0
BRDA:398,41,1,0
BRDA:409,42,0,0
BRDA:409,42,1,0
BRDA:424,43,0,0
BRDA:453,44,0,0
BRDA:453,44,1,0
BRDA:456,45,0,0
BRDA:481,46,0,0
BRDA:481,46,1,0
BRDA:483,47,0,0
BRDA:483,47,1,0
BRDA:487,48,0,0
BRDA:487,48,1,0
BRDA:488,49,0,0
BRDA:488,49,1,0
BRF:94
BRH:0
end_of_record
TN:
SF:app/(pages)/(dashboard)/orgchart/actions.ts
FN:29,createDraftAction
FN:52,updateDraftAction
FN:76,deleteDraftAction
FN:98,publishDraftAction
FN:125,addDraftChangeAction
FN:149,removeDraftChangeAction
FN:176,createSquadAction
FN:199,deleteSquadAction
FN:225,deleteDepartmentAction
FNF:9
FNH:0
FNDA:0,createDraftAction
FNDA:0,updateDraftAction
FNDA:0,deleteDraftAction
FNDA:0,publishDraftAction
FNDA:0,addDraftChangeAction
FNDA:0,removeDraftChangeAction
FNDA:0,createSquadAction
FNDA:0,deleteSquadAction
FNDA:0,deleteDepartmentAction
DA:3,0
DA:20,0
DA:29,0
DA:32,0
DA:33,0
DA:35,0
DA:36,0
DA:37,0
DA:40,0
DA:41,0
DA:42,0
DA:44,0
DA:45,0
DA:52,0
DA:56,0
DA:57,0
DA:59,0
DA:60,0
DA:61,0
DA:64,0
DA:65,0
DA:66,0
DA:68,0
DA:69,0
DA:76,0
DA:79,0
DA:80,0
DA:82,0
DA:83,0
DA:84,0
DA:87,0
DA:88,0
DA:90,0
DA:91,0
DA:98,0
DA:101,0
DA:102,0
DA:104,0
DA:105,0
DA:106,0
DA:109,0
DA:110,0
DA:111,0
DA:113,0
DA:114,0
DA:125,0
DA:129,0
DA:130,0
DA:132,0
DA:133,0
DA:134,0
DA:137,0
DA:138,0
DA:139,0
DA:141,0
DA:142,0
DA:149,0
DA:153,0
DA:154,0
DA:156,0
DA:157,0
DA:158,0
DA:161,0
DA:162,0
DA:164,0
DA:165,0
DA:176,0
DA:179,0
DA:180,0
DA:182,0
DA:183,0
DA:184,0
DA:187,0
DA:188,0
DA:189,0
DA:191,0
DA:192,0
DA:199,0
DA:202,0
DA:203,0
DA:205,0
DA:206,0
DA:207,0
DA:210,0
DA:211,0
DA:213,0
DA:214,0
DA:225,0
DA:228,0
DA:229,0
DA:231,0
DA:232,0
DA:233,0
DA:236,0
DA:237,0
DA:239,0
DA:240,0
LF:97
LH:0
BRDA:35,0,0,0
BRDA:35,0,1,0
BRDA:45,1,0,0
BRDA:45,1,1,0
BRDA:59,2,0,0
BRDA:59,2,1,0
BRDA:69,3,0,0
BRDA:69,3,1,0
BRDA:82,4,0,0
BRDA:82,4,1,0
BRDA:91,5,0,0
BRDA:91,5,1,0
BRDA:104,6,0,0
BRDA:104,6,1,0
BRDA:114,7,0,0
BRDA:114,7,1,0
BRDA:132,8,0,0
BRDA:132,8,1,0
BRDA:142,9,0,0
BRDA:142,9,1,0
BRDA:156,10,0,0
BRDA:156,10,1,0
BRDA:165,11,0,0
BRDA:165,11,1,0
BRDA:182,12,0,0
BRDA:182,12,1,0
BRDA:192,13,0,0
BRDA:192,13,1,0
BRDA:205,14,0,0
BRDA:205,14,1,0
BRDA:214,15,0,0
BRDA:214,15,1,0
BRDA:231,16,0,0
BRDA:231,16,1,0
BRDA:240,17,0,0
BRDA:240,17,1,0
BRF:36
BRH:0
end_of_record
TN:
SF:app/(pages)/(dashboard)/orgchart/api.ts
FN:13,getOrgChartDrafts
FN:18,getOrgChartDraft
FN:23,createOrgChartDraft
FN:31,updateOrgChartDraft
FN:39,deleteOrgChartDraft
FN:44,addDraftChange
FN:52,removeDraftChange
FN:59,publishDraft
FN:67,getOrgTree
FN:73,getSquads
FN:78,createSquad
FN:86,deleteSquad
FN:92,getDepartments
FN:97,deleteDepartment
FNF:14
FNH:0
FNDA:0,getOrgChartDrafts
FNDA:0,getOrgChartDraft
FNDA:0,createOrgChartDraft
FNDA:0,updateOrgChartDraft
FNDA:0,deleteOrgChartDraft
FNDA:0,addDraftChange
FNDA:0,removeDraftChange
FNDA:0,publishDraft
FNDA:0,getOrgTree
FNDA:0,getSquads
FNDA:0,createSquad
FNDA:0,deleteSquad
FNDA:0,getDepartments
FNDA:0,deleteDepartment
DA:10,0
DA:13,0
DA:14,0
DA:15,0
DA:18,0
DA:19,0
DA:20,0
DA:23,0
DA:24,0
DA:28,0
DA:31,0
DA:32,0
DA:36,0
DA:39,0
DA:40,0
DA:41,0
DA:44,0
DA:45,0
DA:49,0
DA:52,0
DA:53,0
DA:56,0
DA:59,0
DA:60,0
DA:63,0
DA:67,0
DA:68,0
DA:69,0
DA:73,0
DA:74,0
DA:75,0
DA:78,0
DA:79,0
DA:83,0
DA:86,0
DA:87,0
DA:88,0
DA:92,0
DA:93,0
DA:94,0
DA:97,0
DA:98,0
DA:101,0
LF:43
LH:0
BRDA:41,0,0,0
BRDA:41,0,1,0
BRDA:56,1,0,0
BRDA:56,1,1,0
BRDA:63,2,0,0
BRDA:63,2,1,0
BRDA:88,3,0,0
BRDA:88,3,1,0
BRDA:101,4,0,0
BRDA:101,4,1,0
BRF:10
BRH:0
end_of_record
TN:
SF:app/(pages)/(dashboard)/orgchart/error.tsx
FN:17,OrgChartError
FN:18,(anonymous_2)
FNF:2
FNH:0
FNDA:0,OrgChartError
FNDA:0,(anonymous_2)
DA:3,0
DA:4,0
DA:17,0
DA:18,0
DA:19,0
DA:23,0
LF:6
LH:0
BRDA:23,0,0,0
BRDA:23,0,1,0
BRDA:23,0,2,0
BRDA:39,1,0,0
BRDA:39,1,1,0
BRDA:41,2,0,0
BRDA:41,2,1,0
BRDA:44,3,0,0
BRDA:57,4,0,0
BRF:9
BRH:0
end_of_record
TN:
SF:app/(pages)/(dashboard)/orgchart/hooks.ts
FN:29,(anonymous_16)
FN:30,(anonymous_17)
FN:31,(anonymous_18)
FN:32,(anonymous_19)
FN:33,(anonymous_20)
FN:37,useOrgChartDrafts
FN:44,useOrgChartDraft
FN:47,(anonymous_23)
FN:52,useCreateOrgChartDraft
FN:56,(anonymous_25)
FN:57,(anonymous_26)
FN:63,useUpdateOrgChartDraft
FN:67,(anonymous_28)
FN:68,(anonymous_29)
FN:74,useDeleteOrgChartDraft
FN:78,(anonymous_31)
FN:79,(anonymous_32)
FN:85,useAddDraftChange
FN:89,(anonymous_34)
FN:91,(anonymous_35)
FN:97,useRemoveDraftChange
FN:101,(anonymous_37)
FN:103,(anonymous_38)
FN:109,usePublishDraft
FN:113,(anonymous_40)
FN:114,(anonymous_41)
FN:122,useOrgTree
FN:130,useSquads
FN:137,useCreateSquad
FN:141,(anonymous_45)
FN:142,(anonymous_46)
FN:148,useDeleteSquad
FN:152,(anonymous_48)
FN:153,(anonymous_49)
FN:160,useDepartments
FN:167,useDeleteDepartment
FN:171,(anonymous_52)
FN:172,(anonymous_53)
FNF:38
FNH:0
FNDA:0,(anonymous_16)
FNDA:0,(anonymous_17)
FNDA:0,(anonymous_18)
FNDA:0,(anonymous_19)
FNDA:0,(anonymous_20)
FNDA:0,useOrgChartDrafts
FNDA:0,useOrgChartDraft
FNDA:0,(anonymous_23)
FNDA:0,useCreateOrgChartDraft
FNDA:0,(anonymous_25)
FNDA:0,(anonymous_26)
FNDA:0,useUpdateOrgChartDraft
FNDA:0,(anonymous_28)
FNDA:0,(anonymous_29)
FNDA:0,useDeleteOrgChartDraft
FNDA:0,(anonymous_31)
FNDA:0,(anonymous_32)
FNDA:0,useAddDraftChange
FNDA:0,(anonymous_34)
FNDA:0,(anonymous_35)
FNDA:0,useRemoveDraftChange
FNDA:0,(anonymous_37)
FNDA:0,(anonymous_38)
FNDA:0,usePublishDraft
FNDA:0,(anonymous_40)
FNDA:0,(anonymous_41)
FNDA:0,useOrgTree
FNDA:0,useSquads
FNDA:0,useCreateSquad
FNDA:0,(anonymous_45)
FNDA:0,(anonymous_46)
FNDA:0,useDeleteSquad
FNDA:0,(anonymous_48)
FNDA:0,(anonymous_49)
FNDA:0,useDepartments
FNDA:0,useDeleteDepartment
FNDA:0,(anonymous_52)
FNDA:0,(anonymous_53)
DA:3,0
DA:19,0
DA:25,0
DA:27,0
DA:29,0
DA:30,0
DA:31,0
DA:32,0
DA:33,0
DA:37,0
DA:38,0
DA:44,0
DA:45,0
DA:47,0
DA:52,0
DA:53,0
DA:55,0
DA:56,0
DA:58,0
DA:63,0
DA:64,0
DA:66,0
DA:67,0
DA:69,0
DA:74,0
DA:75,0
DA:77,0
DA:78,0
DA:80,0
DA:85,0
DA:86,0
DA:88,0
DA:90,0
DA:92,0
DA:97,0
DA:98,0
DA:100,0
DA:102,0
DA:104,0
DA:109,0
DA:110,0
DA:112,0
DA:113,0
DA:116,0
DA:122,0
DA:123,0
DA:130,0
DA:131,0
DA:137,0
DA:138,0
DA:140,0
DA:141,0
DA:143,0
DA:148,0
DA:149,0
DA:151,0
DA:152,0
DA:154,0
DA:160,0
DA:161,0
DA:167,0
DA:168,0
DA:170,0
DA:171,0
DA:173,0
LF:65
LH:0
BRF:0
BRH:0
end_of_record
TN:
SF:app/(pages)/(dashboard)/orgchart/loading.tsx
FN:1,OrgChartLoading
FN:39,(anonymous_2)
FN:50,(anonymous_3)
FN:65,(anonymous_4)
FN:76,OrgNodeSkeleton
FNF:5
FNH:0
FNDA:0,OrgChartLoading
FNDA:0,(anonymous_2)
FNDA:0,(anonymous_3)
FNDA:0,(anonymous_4)
FNDA:0,OrgNodeSkeleton
DA:1,0
DA:40,0
DA:51,0
DA:66,0
DA:77,0
DA:78,0
LF:6
LH:0
BRDA:44,0,0,0
BRDA:76,1,0,0
BRDA:76,2,0,0
BRDA:77,3,0,0
BRDA:77,3,1,0
BRDA:77,4,0,0
BRDA:77,4,1,0
BRDA:78,5,0,0
BRDA:78,5,1,0
BRDA:84,6,0,0
BRDA:84,6,1,0
BRDA:87,7,0,0
BRDA:87,7,1,0
BRDA:89,8,0,0
BRDA:89,8,1,0
BRDA:92,9,0,0
BRF:16
BRH:0
end_of_record
TN:
SF:app/(pages)/(dashboard)/orgchart/page.tsx
FN:6,OrgChartPage
FN:18,OrgChartLoadingSkeleton
FN:60,(anonymous_3)
FNF:3
FNH:0
FNDA:0,OrgChartPage
FNDA:0,OrgChartLoadingSkeleton
FNDA:0,(anonymous_3)
DA:1,0
DA:2,0
DA:3,0
DA:4,0
DA:6,0
DA:8,0
DA:9,0
DA:61,0
LF:8
LH:0
BRDA:9,0,0,0
BRDA:9,0,1,0
BRDA:28,1,0,0
BRDA:38,2,0,0
BRF:4
BRH:0
end_of_record
TN:
SF:app/(pages)/(dashboard)/orgchart/components/AvatarUpload.tsx
FN:13,AvatarUpload
FN:26,(anonymous_2)
FN:44,(anonymous_3)
FN:53,(anonymous_4)
FN:65,(anonymous_5)
FN:79,(anonymous_6)
FN:84,(anonymous_7)
FN:90,(anonymous_8)
FN:99,(anonymous_9)
FN:105,(anonymous_10)
FNF:10
FNH:0
FNDA:0,AvatarUpload
FNDA:0,(anonymous_2)
FNDA:0,(anonymous_3)
FNDA:0,(anonymous_4)
FNDA:0,(anonymous_5)
FNDA:0,(anonymous_6)
FNDA:0,(anonymous_7)
FNDA:0,(anonymous_8)
FNDA:0,(anonymous_9)
FNDA:0,(anonymous_10)
DA:3,0
DA:4,0
DA:13,0
DA:19,0
DA:20,0
DA:21,0
DA:22,0
DA:23,0
DA:24,0
DA:26,0
DA:27,0
DA:28,0
DA:31,0
DA:32,0
DA:33,0
DA:37,0
DA:38,0
DA:39,0
DA:43,0
DA:44,0
DA:45,0
DA:46,0
DA:49,0
DA:50,0
DA:51,0
DA:52,0
DA:53,0
DA:55,0
DA:56,0
DA:58,0
DA:61,0
DA:64,0
DA:66,0
DA:67,0
DA:69,0
DA:71,0
DA:72,0
DA:73,0
DA:79,0
DA:80,0
DA:81,0
DA:84,0
DA:85,0
DA:86,0
DA:89,0
DA:91,0
DA:92,0
DA:93,0
DA:99,0
DA:100,0
DA:101,0
DA:105,0
DA:106,0
DA:107,0
DA:108,0
DA:109,0
DA:113,0
LF:57
LH:0
BRDA:31,0,0,0
BRDA:31,0,1,0
BRDA:37,1,0,0
BRDA:37,1,1,0
BRDA:69,2,0,0
BRDA:69,2,1,0
BRDA:72,3,0,0
BRDA:72,3,1,0
BRDA:92,4,0,0
BRDA:92,4,1,0
BRDA:100,5,0,0
BRDA:100,5,1,0
BRDA:100,6,0,0
BRDA:100,6,1,0
BRDA:108,7,0,0
BRDA:108,7,1,0
BRDA:113,8,0,0
BRDA:113,8,1,0
BRDA:119,9,0,0
BRDA:119,9,1,0
BRDA:121,10,0,0
BRDA:121,10,1,0
BRDA:124,11,0,0
BRDA:124,11,1,0
BRDA:131,12,0,0
BRDA:145,13,0,0
BRDA:145,13,1,0
BRDA:152,14,0,0
BRDA:159,15,0,0
BRDA:159,15,1,0
BRDA:173,16,0,0
BRDA:173,16,1,0
BRDA:177,17,0,0
BRDA:177,17,1,0
BRDA:189,18,0,0
BRDA:199,19,0,0
BRDA:199,19,1,0
BRF:37
BRH:0
end_of_record
TN:
SF:app/(pages)/(dashboard)/orgchart/components/ConfirmationModal.tsx
FN:16,ConfirmationModal
FNF:1
FNH:0
FNDA:0,ConfirmationModal
DA:3,0
DA:16,0
DA:26,0
DA:29,0
LF:4
LH:0
BRDA:21,0,0,0
BRDA:26,1,0,0
BRDA:26,1,1,0
BRDA:29,2,0,0
BRDA:29,2,1,0
BRDA:66,3,0,0
BRDA:66,3,1,0
BRF:7
BRH:0
end_of_record
TN:
SF:app/(pages)/(dashboard)/orgchart/components/DraftEditModal.tsx
FN:17,DraftEditModal
FN:27,(anonymous_3)
FN:35,(anonymous_4)
FN:39,(anonymous_5)
FN:49,(anonymous_6)
FN:59,(anonymous_7)
FN:60,(anonymous_8)
FN:62,(anonymous_9)
FN:67,(anonymous_10)
FN:117,(anonymous_11)
FN:132,(anonymous_12)
FN:141,(anonymous_13)
FN:145,(anonymous_14)
FN:164,(anonymous_15)
FN:172,(anonymous_16)
FN:199,(anonymous_17)
FN:210,(anonymous_18)
FN:238,(anonymous_19)
FNF:18
FNH:0
FNDA:0,DraftEditModal
FNDA:0,(anonymous_3)
FNDA:0,(anonymous_4)
FNDA:0,(anonymous_5)
FNDA:0,(anonymous_6)
FNDA:0,(anonymous_7)
FNDA:0,(anonymous_8)
FNDA:0,(anonymous_9)
FNDA:0,(anonymous_10)
FNDA:0,(anonymous_11)
FNDA:0,(anonymous_12)
FNDA:0,(anonymous_13)
FNDA:0,(anonymous_14)
FNDA:0,(anonymous_15)
FNDA:0,(anonymous_16)
FNDA:0,(anonymous_17)
FNDA:0,(anonymous_18)
FNDA:0,(anonymous_19)
DA:3,0
DA:4,0
DA:6,0
DA:17,0
DA:25,0
DA:26,0
DA:27,0
DA:29,0
DA:32,0
DA:33,0
DA:35,0
DA:36,0
DA:38,0
DA:39,0
DA:41,0
DA:42,0
DA:45,0
DA:47,0
DA:49,0
DA:50,0
DA:51,0
DA:52,0
DA:54,0
DA:55,0
DA:59,0
DA:60,0
DA:61,0
DA:62,0
DA:67,0
DA:68,0
DA:69,0
DA:70,0
DA:71,0
DA:117,0
DA:132,0
DA:141,0
DA:146,0
DA:165,0
DA:172,0
DA:199,0
DA:210,0
DA:238,0
LF:42
LH:0
BRDA:25,0,0,0
BRDA:25,0,1,0
BRDA:27,1,0,0
BRDA:27,1,1,0
BRDA:30,2,0,0
BRDA:30,2,1,0
BRDA:35,3,0,0
BRDA:35,3,1,0
BRDA:38,4,0,0
BRDA:38,4,1,0
BRDA:41,5,0,0
BRDA:41,5,1,0
BRDA:45,6,0,0
BRDA:45,6,1,0
BRDA:45,6,2,0
BRDA:45,7,0,0
BRDA:45,7,1,0
BRDA:47,8,0,0
BRDA:47,8,1,0
BRDA:50,9,0,0
BRDA:50,9,1,0
BRDA:61,10,0,0
BRDA:61,10,1,0
BRDA:68,11,0,0
BRDA:68,11,1,0
BRDA:101,12,0,0
BRDA:101,12,1,0
BRDA:113,13,0,0
BRDA:161,14,0,0
BRDA:161,14,1,0
BRDA:180,15,0,0
BRDA:182,16,0,0
BRDA:182,16,1,0
BRDA:219,17,0,0
BRDA:221,18,0,0
BRDA:221,18,1,0
BRDA:238,19,0,0
BRDA:238,19,1,0
BRF:38
BRH:0
end_of_record
TN:
SF:app/(pages)/(dashboard)/orgchart/components/DraftManager.tsx
FN:25,ChangeRow
FN:76,SquadChangeRow
FN:85,(anonymous_3)
FN:91,(anonymous_4)
FN:92,(anonymous_5)
FN:93,(anonymous_6)
FN:96,(anonymous_7)
FN:97,(anonymous_8)
FN:98,(anonymous_9)
FN:101,(anonymous_10)
FN:102,(anonymous_11)
FN:103,(anonymous_12)
FN:114,(anonymous_13)
FN:122,(anonymous_14)
FN:130,(anonymous_15)
FN:143,DraftManager
FN:164,(anonymous_17)
FN:166,(anonymous_18)
FN:173,(anonymous_19)
FN:180,(anonymous_20)
FN:186,(anonymous_21)
FN:194,(anonymous_22)
FN:201,(anonymous_23)
FN:218,(anonymous_24)
FN:255,(anonymous_25)
FN:269,(anonymous_26)
FN:274,(anonymous_27)
FN:296,(anonymous_28)
FN:300,(anonymous_29)
FN:313,(anonymous_30)
FN:334,(anonymous_31)
FN:352,(anonymous_32)
FN:413,(anonymous_33)
FN:422,(anonymous_34)
FN:431,(anonymous_35)
FNF:35
FNH:0
FNDA:0,ChangeRow
FNDA:0,SquadChangeRow
FNDA:0,(anonymous_3)
FNDA:0,(anonymous_4)
FNDA:0,(anonymous_5)
FNDA:0,(anonymous_6)
FNDA:0,(anonymous_7)
FNDA:0,(anonymous_8)
FNDA:0,(anonymous_9)
FNDA:0,(anonymous_10)
FNDA:0,(anonymous_11)
FNDA:0,(anonymous_12)
FNDA:0,(anonymous_13)
FNDA:0,(anonymous_14)
FNDA:0,(anonymous_15)
FNDA:0,DraftManager
FNDA:0,(anonymous_17)
FNDA:0,(anonymous_18)
FNDA:0,(anonymous_19)
FNDA:0,(anonymous_20)
FNDA:0,(anonymous_21)
FNDA:0,(anonymous_22)
FNDA:0,(anonymous_23)
FNDA:0,(anonymous_24)
FNDA:0,(anonymous_25)
FNDA:0,(anonymous_26)
FNDA:0,(anonymous_27)
FNDA:0,(anonymous_28)
FNDA:0,(anonymous_29)
FNDA:0,(anonymous_30)
FNDA:0,(anonymous_31)
FNDA:0,(anonymous_32)
FNDA:0,(anonymous_33)
FNDA:0,(anonymous_34)
FNDA:0,(anonymous_35)
DA:3,0
DA:6,0
DA:38,0
DA:39,0
DA:41,0
DA:85,0
DA:87,0
DA:88,0
DA:90,0
DA:91,0
DA:92,0
DA:93,0
DA:95,0
DA:96,0
DA:97,0
DA:98,0
DA:100,0
DA:101,0
DA:102,0
DA:103,0
DA:105,0
DA:115,0
DA:123,0
DA:131,0
DA:143,0
DA:156,0
DA:157,0
DA:158,0
DA:160,0
DA:161,0
DA:164,0
DA:166,0
DA:167,0
DA:168,0
DA:169,0
DA:173,0
DA:174,0
DA:175,0
DA:180,0
DA:181,0
DA:182,0
DA:186,0
DA:187,0
DA:188,0
DA:189,0
DA:190,0
DA:194,0
DA:201,0
DA:218,0
DA:257,0
DA:261,0
DA:269,0
DA:275,0
DA:276,0
DA:296,0
DA:301,0
DA:302,0
DA:313,0
DA:335,0
DA:336,0
DA:338,0
DA:340,0
DA:342,0
DA:352,0
DA:413,0
DA:422,0
DA:431,0
LF:67
LH:0
BRDA:30,0,0,0
BRDA:38,1,0,0
BRDA:38,1,1,0
BRDA:39,2,0,0
BRDA:39,2,1,0
BRDA:41,3,0,0
BRDA:41,3,1,0
BRDA:41,4,0,0
BRDA:41,4,1,0
BRDA:50,5,0,0
BRDA:51,6,0,0
BRDA:51,6,1,0
BRDA:57,7,0,0
BRDA:57,7,1,0
BRDA:60,8,0,0
BRDA:61,9,0,0
BRDA:61,9,1,0
BRDA:67,10,0,0
BRDA:67,10,1,0
BRDA:87,11,0,0
BRDA:87,11,1,0
BRDA:88,12,0,0
BRDA:88,12,1,0
BRDA:90,13,0,0
BRDA:90,13,1,0
BRDA:95,14,0,0
BRDA:95,14,1,0
BRDA:100,15,0,0
BRDA:100,15,1,0
BRDA:105,16,0,0
BRDA:105,16,1,0
BRDA:105,17,0,0
BRDA:105,17,1,0
BRDA:160,18,0,0
BRDA:160,18,1,0
BRDA:167,19,0,0
BRDA:167,19,1,0
BRDA:169,20,0,0
BRDA:169,20,1,0
BRDA:174,21,0,0
BRDA:174,21,1,0
BRDA:174,22,0,0
BRDA:174,22,1,0
BRDA:181,23,0,0
BRDA:181,23,1,0
BRDA:181,24,0,0
BRDA:181,24,1,0
BRDA:187,25,0,0
BRDA:187,25,1,0
BRDA:202,26,0,0
BRDA:202,26,1,0
BRDA:203,27,0,0
BRDA:203,27,1,0
BRDA:212,28,0,0
BRDA:216,29,0,0
BRDA:220,30,0,0
BRDA:220,30,1,0
BRDA:228,31,0,0
BRDA:230,32,0,0
BRDA:230,32,1,0
BRDA:238,33,0,0
BRDA:249,34,0,0
BRDA:250,35,0,0
BRDA:250,35,1,0
BRDA:250,36,0,0
BRDA:250,36,1,0
BRDA:257,37,0,0
BRDA:257,37,1,0
BRDA:258,38,0,0
BRDA:258,38,1,0
BRDA:259,39,0,0
BRDA:259,39,1,0
BRDA:265,40,0,0
BRDA:265,40,1,0
BRDA:284,41,0,0
BRDA:284,41,1,0
BRDA:291,42,0,0
BRDA:301,43,0,0
BRDA:301,43,1,0
BRDA:302,44,0,0
BRDA:302,44,1,0
BRDA:325,45,0,0
BRDA:325,45,1,0
BRDA:329,46,0,0
BRDA:329,46,1,0
BRDA:336,47,0,0
BRDA:336,47,1,0
BRDA:338,48,0,0
BRDA:338,48,1,0
BRDA:360,49,0,0
BRDA:364,50,0,0
BRDA:364,50,1,0
BRDA:365,51,0,0
BRDA:365,51,1,0
BRDA:369,52,0,0
BRDA:373,53,0,0
BRDA:373,53,1,0
BRDA:374,54,0,0
BRDA:374,54,1,0
BRDA:379,55,0,0
BRDA:383,56,0,0
BRDA:383,56,1,0
BRDA:386,57,0,0
BRDA:386,57,1,0
BRDA:393,58,0,0
BRDA:411,59,0,0
BRDA:411,59,1,0
BRDA:420,60,0,0
BRDA:429,61,0,0
BRDA:429,61,1,0
BRF:110
BRH:0
end_of_record
TN:
SF:app/(pages)/(dashboard)/orgchart/components/EditEmployeeModal.tsx
FN:21,EditEmployeeModal
FN:39,(anonymous_3)
FN:57,(anonymous_4)
FN:60,(anonymous_5)
FN:61,(anonymous_6)
FN:61,(anonymous_7)
FN:79,(anonymous_8)
FN:80,(anonymous_9)
FN:87,(anonymous_10)
FN:107,(anonymous_11)
FN:111,(anonymous_12)
FN:139,(anonymous_13)
FN:143,(anonymous_14)
FN:150,(anonymous_15)
FN:151,(anonymous_16)
FN:154,(anonymous_17)
FN:159,(anonymous_18)
FN:163,(anonymous_19)
FN:283,(anonymous_20)
FN:310,(anonymous_21)
FN:321,(anonymous_22)
FN:322,(anonymous_23)
FN:331,(anonymous_24)
FN:344,(anonymous_25)
FN:366,(anonymous_26)
FN:370,(anonymous_27)
FN:437,(anonymous_28)
FN:470,(anonymous_29)
FN:471,(anonymous_30)
FN:476,(anonymous_31)
FN:477,(anonymous_32)
FNF:31
FNH:0
FNDA:0,EditEmployeeModal
FNDA:0,(anonymous_3)
FNDA:0,(anonymous_4)
FNDA:0,(anonymous_5)
FNDA:0,(anonymous_6)
FNDA:0,(anonymous_7)
FNDA:0,(anonymous_8)
FNDA:0,(anonymous_9)
FNDA:0,(anonymous_10)
FNDA:0,(anonymous_11)
FNDA:0,(anonymous_12)
FNDA:0,(anonymous_13)
FNDA:0,(anonymous_14)
FNDA:0,(anonymous_15)
FNDA:0,(anonymous_16)
FNDA:0,(anonymous_17)
FNDA:0,(anonymous_18)
FNDA:0,(anonymous_19)
FNDA:0,(anonymous_20)
FNDA:0,(anonymous_21)
FNDA:0,(anonymous_22)
FNDA:0,(anonymous_23)
FNDA:0,(anonymous_24)
FNDA:0,(anonymous_25)
FNDA:0,(anonymous_26)
FNDA:0,(anonymous_27)
FNDA:0,(anonymous_28)
FNDA:0,(anonymous_29)
FNDA:0,(anonymous_30)
FNDA:0,(anonymous_31)
FNDA:0,(anonymous_32)
DA:3,0
DA:4,0
DA:6,0
DA:7,0
DA:8,0
DA:9,0
DA:10,0
DA:11,0
DA:21,0
DA:29,0
DA:32,0
DA:34,0
DA:39,0
DA:44,0
DA:45,0
DA:46,0
DA:47,0
DA:48,0
DA:50,0
DA:52,0
DA:53,0
DA:54,0
DA:55,0
DA:57,0
DA:58,0
DA:60,0
DA:61,0
DA:64,0
DA:74,0
DA:75,0
DA:77,0
DA:78,0
DA:79,0
DA:80,0
DA:85,0
DA:87,0
DA:88,0
DA:89,0
DA:91,0
DA:93,0
DA:94,0
DA:96,0
DA:97,0
DA:99,0
DA:100,0
DA:102,0
DA:103,0
DA:107,0
DA:108,0
DA:110,0
DA:111,0
DA:112,0
DA:113,0
DA:116,0
DA:117,0
DA:119,0
DA:120,0
DA:124,0
DA:125,0
DA:126,0
DA:130,0
DA:131,0
DA:132,0
DA:136,0
DA:140,0
DA:141,0
DA:144,0
DA:150,0
DA:151,0
DA:154,0
DA:159,0
DA:162,0
DA:163,0
DA:283,0
DA:310,0
DA:322,0
DA:323,0
DA:331,0
DA:344,0
DA:367,0
DA:370,0
DA:438,0
DA:470,0
DA:476,0
LF:84
LH:0
BRDA:37,0,0,0
BRDA:37,0,1,0
BRDA:38,1,0,0
BRDA:38,1,1,0
BRDA:39,2,0,0
BRDA:39,2,1,0
BRDA:41,3,0,0
BRDA:41,3,1,0
BRDA:42,4,0,0
BRDA:42,4,1,0
BRDA:55,5,0,0
BRDA:55,5,1,0
BRDA:58,6,0,0
BRDA:58,6,1,0
BRDA:60,7,0,0
BRDA:60,7,1,0
BRDA:67,8,0,0
BRDA:67,8,1,0
BRDA:68,9,0,0
BRDA:68,9,1,0
BRDA:71,10,0,0
BRDA:71,10,1,0
BRDA:72,11,0,0
BRDA:72,11,1,0
BRDA:77,12,0,0
BRDA:77,12,1,0
BRDA:79,13,0,0
BRDA:79,13,1,0
BRDA:85,14,0,0
BRDA:85,14,1,0
BRDA:93,15,0,0
BRDA:93,15,1,0
BRDA:96,16,0,0
BRDA:96,16,1,0
BRDA:99,17,0,0
BRDA:99,17,1,0
BRDA:99,18,0,0
BRDA:99,18,1,0
BRDA:102,19,0,0
BRDA:102,19,1,0
BRDA:102,20,0,0
BRDA:102,20,1,0
BRDA:107,21,0,0
BRDA:107,21,1,0
BRDA:110,22,0,0
BRDA:110,22,1,0
BRDA:112,23,0,0
BRDA:112,23,1,0
BRDA:116,24,0,0
BRDA:116,24,1,0
BRDA:116,25,0,0
BRDA:116,25,1,0
BRDA:119,26,0,0
BRDA:119,26,1,0
BRDA:119,27,0,0
BRDA:119,27,1,0
BRDA:119,28,0,0
BRDA:119,28,1,0
BRDA:124,29,0,0
BRDA:124,29,1,0
BRDA:125,30,0,0
BRDA:125,30,1,0
BRDA:126,31,0,0
BRDA:126,31,1,0
BRDA:130,32,0,0
BRDA:130,32,1,0
BRDA:153,33,0,0
BRDA:153,33,1,0
BRDA:165,34,0,0
BRDA:165,34,1,0
BRDA:165,35,0,0
BRDA:165,35,1,0
BRDA:190,36,0,0
BRDA:280,37,0,0
BRDA:307,38,0,0
BRDA:323,39,0,0
BRDA:323,39,1,0
BRDA:348,40,0,0
BRDA:348,40,1,0
BRDA:350,41,0,0
BRDA:350,41,1,0
BRDA:353,42,0,0
BRDA:353,42,1,0
BRDA:359,43,0,0
BRDA:361,44,0,0
BRDA:361,44,1,0
BRDA:374,45,0,0
BRDA:374,45,1,0
BRDA:379,46,0,0
BRDA:392,47,0,0
BRDA:401,48,0,0
BRDA:421,49,0,0
BRDA:421,49,1,0
BRDA:432,50,0,0
BRDA:432,50,1,0
BRDA:460,51,0,0
BRDA:460,51,1,0
BRF:97
BRH:0
end_of_record
TN:
SF:app/(pages)/(dashboard)/orgchart/components/EmployeeCard.tsx
FN:10,EmployeeCard
FN:50,(anonymous_3)
FNF:2
FNH:2
FNDA:24,EmployeeCard
FNDA:2,(anonymous_3)
DA:1,1
DA:3,1
DA:4,1
DA:10,24
DA:12,24
DA:51,2
LF:6
LH:6
BRDA:12,0,0,23
BRDA:12,0,1,1
BRDA:41,1,0,24
BRDA:48,2,0,24
BRDA:48,3,0,24
BRDA:48,3,1,1
BRDA:50,4,0,1
BRDA:50,4,1,0
BRDA:74,5,0,24
BRF:9
BRH:8
end_of_record
TN:
SF:app/(pages)/(dashboard)/orgchart/components/EmployeeHeader.tsx
FN:24,EmployeeHeader
FN:30,(anonymous_3)
FNF:2
FNH:0
FNDA:0,EmployeeHeader
FNDA:0,(anonymous_3)
DA:3,0
DA:4,0
DA:5,0
DA:6,0
DA:7,0
DA:8,0
DA:24,0
DA:25,0
DA:26,0
DA:27,0
DA:28,0
DA:30,0
DA:31,0
DA:39,0
DA:40,0
DA:43,0
DA:44,0
DA:47,0
DA:48,0
DA:52,0
DA:60,0
LF:21
LH:0
BRDA:39,0,0,0
BRDA:39,0,1,0
BRDA:47,1,0,0
BRDA:47,1,1,0
BRDA:54,2,0,0
BRDA:54,2,1,0
BRDA:54,3,0,0
BRDA:54,3,1,0
BRDA:78,4,0,0
BRDA:78,4,1,0
BRDA:81,5,0,0
BRF:11
BRH:0
end_of_record
TN:
SF:app/(pages)/(dashboard)/orgchart/components/EmployeeList.tsx
FN:27,EmployeeList
FN:52,(anonymous_3)
FN:54,(anonymous_4)
FN:62,(anonymous_5)
FN:67,(anonymous_6)
FN:80,(anonymous_7)
FN:87,(anonymous_8)
FN:94,(anonymous_9)
FN:105,(anonymous_10)
FN:141,(anonymous_11)
FN:146,(anonymous_12)
FN:163,(anonymous_13)
FN:164,(anonymous_14)
FN:173,(anonymous_15)
FN:183,(anonymous_16)
FN:193,(anonymous_17)
FN:209,(anonymous_18)
FN:245,(anonymous_19)
FN:248,(anonymous_20)
FN:281,(anonymous_21)
FN:293,(anonymous_22)
FNF:21
FNH:0
FNDA:0,EmployeeList
FNDA:0,(anonymous_3)
FNDA:0,(anonymous_4)
FNDA:0,(anonymous_5)
FNDA:0,(anonymous_6)
FNDA:0,(anonymous_7)
FNDA:0,(anonymous_8)
FNDA:0,(anonymous_9)
FNDA:0,(anonymous_10)
FNDA:0,(anonymous_11)
FNDA:0,(anonymous_12)
FNDA:0,(anonymous_13)
FNDA:0,(anonymous_14)
FNDA:0,(anonymous_15)
FNDA:0,(anonymous_16)
FNDA:0,(anonymous_17)
FNDA:0,(anonymous_18)
FNDA:0,(anonymous_19)
FNDA:0,(anonymous_20)
FNDA:0,(anonymous_21)
FNDA:0,(anonymous_22)
DA:3,0
DA:5,0
DA:6,0
DA:7,0
DA:8,0
DA:9,0
DA:10,0
DA:18,0
DA:19,0
DA:27,0
DA:49,0
DA:52,0
DA:53,0
DA:54,0
DA:55,0
DA:56,0
DA:57,0
DA:59,0
DA:62,0
DA:63,0
DA:64,0
DA:65,0
DA:67,0
DA:71,0
DA:72,0
DA:75,0
DA:76,0
DA:77,0
DA:80,0
DA:83,0
DA:84,0
DA:87,0
DA:90,0
DA:91,0
DA:94,0
DA:99,0
DA:106,0
DA:115,0
DA:141,0
DA:146,0
DA:163,0
DA:164,0
DA:173,0
DA:183,0
DA:193,0
DA:210,0
DA:211,0
DA:214,0
DA:218,0
DA:245,0
DA:249,0
DA:282,0
DA:294,0
LF:53
LH:0
BRDA:29,0,0,0
BRDA:30,1,0,0
BRDA:55,2,0,0
BRDA:55,2,1,0
BRDA:56,3,0,0
BRDA:56,3,1,0
BRDA:63,4,0,0
BRDA:63,4,1,0
BRDA:64,5,0,0
BRDA:64,5,1,0
BRDA:76,6,0,0
BRDA:76,6,1,0
BRDA:79,7,0,0
BRDA:79,7,1,0
BRDA:83,8,0,0
BRDA:83,8,1,0
BRDA:90,9,0,0
BRDA:90,9,1,0
BRDA:99,10,0,0
BRDA:99,10,1,0
BRDA:115,11,0,0
BRDA:115,11,1,0
BRDA:144,12,0,0
BRDA:174,13,0,0
BRDA:174,13,1,0
BRDA:184,14,0,0
BRDA:184,14,1,0
BRDA:194,15,0,0
BRDA:194,15,1,0
BRDA:207,16,0,0
BRDA:211,17,0,0
BRDA:211,17,1,0
BRDA:214,18,0,0
BRDA:214,18,1,0
BRDA:239,19,0,0
BRDA:239,19,1,0
BRDA:260,20,0,0
BRDA:259,21,0,0
BRDA:259,21,1,0
BRDA:280,22,0,0
BRDA:287,23,0,0
BRDA:285,24,0,0
BRDA:285,24,1,0
BRDA:305,25,0,0
BRDA:313,26,0,0
BRDA:336,27,0,0
BRDA:336,27,1,0
BRF:47
BRH:0
end_of_record
TN:
SF:app/(pages)/(dashboard)/orgchart/components/EmployeeTable.tsx
FN:17,EmployeeTable
FN:24,(anonymous_3)
FN:32,(anonymous_4)
[...]
DA:58,0
DA:62,0
DA:63,0
DA:67,0
DA:68,0
DA:69,0
DA:70,0
DA:71,0
DA:72,0
DA:73,0
DA:74,0
DA:77,0
DA:78,0
DA:79,0
DA:80,0
DA:81,0
DA:84,0
DA:85,0
DA:86,0
DA:92,0
DA:94,0
DA:95,0
DA:96,0
DA:97,0
DA:100,0
DA:101,0
DA:106,0
DA:107,0
DA:111,0
DA:112,0
DA:113,0
DA:114,0
DA:115,0
DA:116,0
DA:117,0
DA:118,0
DA:119,0
DA:120,0
DA:121,0
DA:123,0
DA:124,0
DA:125,0
DA:129,0
DA:130,0
DA:131,0
DA:132,0
DA:133,0
DA:134,0
DA:135,0
DA:136,0
DA:137,0
DA:140,0
DA:141,0
DA:142,0
DA:145,0
DA:146,0
DA:147,0
DA:148,0
DA:151,0
DA:152,0
DA:153,0
DA:154,0
DA:155,0
DA:158,0
DA:159,0
DA:160,0
DA:161,0
DA:162,0
DA:163,0
DA:164,0
LF:90
LH:0
BRDA:15,0,0,0
BRDA:15,0,1,0
BRDA:17,1,0,0
BRDA:17,1,1,0
BRDA:20,2,0,0
BRDA:37,3,0,0
BRDA:37,3,1,0
BRDA:46,4,0,0
BRDA:46,4,1,0
BRDA:51,5,0,0
BRDA:51,5,1,0
BRDA:52,6,0,0
BRDA:52,6,1,0
BRDA:58,7,0,0
BRDA:58,7,1,0
BRDA:62,8,0,0
BRDA:62,8,1,0
BRDA:63,9,0,0
BRDA:63,9,1,0
BRDA:92,10,0,0
BRDA:92,10,1,0
BRDA:96,11,0,0
BRDA:96,11,1,0
BRDA:106,12,0,0
BRDA:106,12,1,0
BRDA:113,13,0,0
BRDA:114,14,0,0
BRDA:115,15,0,0
BRDA:117,16,0,0
BRDA:118,17,0,0
BRDA:125,18,0,0
BRDA:125,18,1,0
BRDA:141,19,0,0
BRDA:141,19,1,0
BRDA:159,20,0,0
BRDA:159,20,1,0
BRF:36
BRH:0
end_of_record
TN:
SF:lib/auth0.ts
FNF:0
FNH:0
DA:1,0
DA:3,0
LF:2
LH:0
BRF:0
BRH:0
end_of_record
TN:
SF:lib/backend-proxy.ts
FN:12,(anonymous_3)
FN:15,getToken
FN:26,getBody
FN:35,parseResponse
FN:47,proxyToBackend
FN:89,createProxyHandler
FN:90,handler
FNF:7
FNH:0
FNDA:0,(anonymous_3)
FNDA:0,getToken
FNDA:0,getBody
FNDA:0,parseResponse
FNDA:0,proxyToBackend
FNDA:0,createProxyHandler
FNDA:0,handler
DA:1,0
DA:2,0
DA:4,0
DA:12,0
DA:13,0
DA:16,0
DA:17,0
DA:18,0
DA:19,0
DA:21,0
DA:22,0
DA:27,0
DA:28,0
DA:29,0
DA:31,0
DA:36,0
DA:37,0
DA:38,0
DA:39,0
DA:41,0
DA:42,0
DA:47,0
DA:48,0
DA:50,0
DA:51,0
DA:52,0
DA:54,0
DA:55,0
DA:56,0
DA:58,0
DA:59,0
DA:62,0
DA:63,0
DA:65,0
DA:66,0
DA:67,0
DA:70,0
DA:71,0
DA:74,0
DA:75,0
DA:77,0
DA:81,0
DA:82,0
DA:89,0
DA:90,0
DA:91,0
LF:46
LH:0
BRDA:4,0,0,0
BRDA:4,0,1,0
BRDA:13,1,0,0
BRDA:13,1,1,0
BRDA:16,2,0,0
BRDA:16,2,1,0
BRDA:19,3,0,0
BRDA:19,3,1,0
BRDA:27,4,0,0
BRDA:27,4,1,0
BRDA:27,5,0,0
BRDA:27,5,1,0
BRDA:38,6,0,0
BRDA:38,6,1,0
BRDA:47,7,0,0
BRDA:48,8,0,0
BRDA:52,9,0,0
BRDA:52,9,1,0
BRDA:55,10,0,0
BRDA:55,10,1,0
BRDA:59,11,0,0
BRDA:59,11,1,0
BRDA:63,12,0,0
BRDA:63,12,1,0
BRDA:66,13,0,0
BRDA:66,13,1,0
BRDA:70,14,0,0
BRDA:70,14,1,0
BRDA:75,15,0,0
BRDA:75,15,1,0
BRDA:77,16,0,0
BRDA:77,16,1,0
BRDA:78,17,0,0
BRDA:78,17,1,0
BRDA:82,18,0,0
BRDA:82,18,1,0
BRDA:89,19,0,0
BRF:37
BRH:0
end_of_record
TN:
SF:lib/constants.ts
FNF:0
FNH:0
DA:10,0
DA:25,0
DA:42,0
DA:55,0
DA:66,0
DA:77,0
LF:6
LH:0
BRF:0
BRH:0
end_of_record
TN:
SF:lib/department-colors.ts
FN:79,getDepartmentColors
FN:83,getDepartmentBgColor
FN:87,getDepartmentTextColor
FN:91,getDepartmentBorderColor
FNF:4
FNH:0
FNDA:0,getDepartmentColors
FNDA:0,getDepartmentBgColor
FNDA:0,getDepartmentTextColor
FNDA:0,getDepartmentBorderColor
DA:10,0
DA:73,0
DA:79,0
DA:80,0
DA:83,0
DA:84,0
DA:87,0
DA:88,0
DA:91,0
DA:92,0
LF:10
LH:0
BRDA:80,0,0,0
BRDA:80,0,1,0
BRF:2
BRH:0
end_of_record
TN:
SF:lib/errors.ts
FN:21,matchError
FN:23,(anonymous_5)
FN:23,(anonymous_6)
FN:26,(anonymous_7)
FN:28,(anonymous_8)
FN:31,(anonymous_9)
FN:43,(anonymous_10)
FNF:7
FNH:7
FNDA:43,matchError
FNDA:337,(anonymous_5)
FNDA:368,(anonymous_6)
FNDA:43,(anonymous_7)
FNDA:22,(anonymous_8)
FNDA:5,(anonymous_9)
FNDA:16,(anonymous_10)
DA:3,1
DA:22,43
DA:23,368
DA:26,43
DA:28,22
DA:29,22
DA:31,5
DA:32,5
DA:43,16
DA:44,16
LF:10
LH:10
BRDA:23,0,0,43
BRDA:23,0,1,6
BRDA:26,1,0,39
BRDA:26,1,1,4
BRF:4
BRH:4
end_of_record
TN:
SF:lib/fonts.ts
FNF:0
FNH:0
DA:1,0
DA:3,0
LF:2
LH:0
BRF:0
BRH:0
end_of_record
TN:
SF:lib/graphql.ts
FN:7,getGraphQLProxyURL
FN:19,createProxyGraphQLClient
FN:179,toUser
FN:189,(anonymous_20)
FN:207,getEmployeesGraphQL
FN:215,getEmployeeGraphQL
FN:224,getCurrentUserGraphQL
FN:242,createEmployeeGraphQL
FN:276,updateEmployeeGraphQL
FN:288,deleteEmployeeGraphQL
FNF:10
FNH:0
FNDA:0,getGraphQLProxyURL
FNDA:0,createProxyGraphQLClient
FNDA:0,toUser
FNDA:0,(anonymous_20)
FNDA:0,getEmployeesGraphQL
FNDA:0,getEmployeeGraphQL
FNDA:0,getCurrentUserGraphQL
FNDA:0,createEmployeeGraphQL
FNDA:0,updateEmployeeGraphQL
FNDA:0,deleteEmployeeGraphQL
DA:1,0
DA:8,0
DA:9,0
DA:12,0
DA:19,0
DA:20,0
DA:33,0
DA:58,0
DA:70,0
DA:85,0
DA:98,0
DA:115,0
DA:128,0
DA:137,0
DA:146,0
DA:180,0
DA:189,0
DA:207,0
DA:208,0
DA:209,0
DA:212,0
DA:215,0
DA:216,0
DA:217,0
DA:221,0
DA:224,0
DA:225,0
DA:226,0
DA:227,0
DA:242,0
DA:245,0
DA:248,0
DA:260,0
DA:264,0
DA:276,0
DA:280,0
DA:281,0
DA:285,0
DA:288,0
DA:289,0
DA:290,0
DA:294,0
LF:42
LH:0
BRDA:8,0,0,0
BRDA:8,0,1,0
BRDA:189,1,0,0
BRDA:189,1,1,0
BRDA:193,2,0,0
BRDA:193,2,1,0
BRDA:194,3,0,0
BRDA:194,3,1,0
BRDA:197,4,0,0
BRDA:197,4,1,0
BRDA:198,5,0,0
BRDA:198,5,1,0
BRDA:253,6,0,0
BRDA:253,6,1,0
BRDA:254,7,0,0
BRDA:254,7,1,0
BRDA:255,8,0,0
BRDA:255,8,1,0
BRDA:256,9,0,0
BRDA:256,9,1,0
BRDA:257,10,0,0
BRDA:257,10,1,0
BRF:22
BRH:0
end_of_record
TN:
SF:lib/jira-utils.ts
FN:11,getStatusColor
FN:29,getPriorityColor
FN:47,getDueDateDiffDays
FN:57,getDueDateInfo
FN:109,getDueDateInfoCompact
FN:150,DueDateDisplay
FN:170,TaskStatusBadge
FNF:7
FNH:0
FNDA:0,getStatusColor
FNDA:0,getPriorityColor
FNDA:0,getDueDateDiffDays
FNDA:0,getDueDateInfo
FNDA:0,getDueDateInfoCompact
FNDA:0,DueDateDisplay
FNDA:0,TaskStatusBadge
DA:1,0
DA:11,0
DA:12,0
DA:14,0
DA:15,0
DA:17,0
DA:18,0
DA:20,0
DA:21,0
DA:23,0
DA:29,0
DA:30,0
DA:32,0
DA:33,0
DA:35,0
DA:36,0
DA:38,0
DA:39,0
DA:41,0
DA:47,0
DA:48,0
DA:49,0
DA:50,0
DA:51,0
DA:57,0
DA:63,0
DA:64,0
DA:66,0
DA:67,0
DA:74,0
DA:75,0
DA:82,0
DA:83,0
DA:90,0
DA:91,0
DA:98,0
DA:109,0
DA:113,0
DA:114,0
DA:116,0
DA:117,0
DA:122,0
DA:123,0
DA:128,0
DA:129,0
DA:134,0
DA:135,0
DA:140,0
DA:150,0
DA:159,0
DA:160,0
DA:170,0
DA:177,0
DA:178,0
LF:54
LH:0
BRDA:14,0,0,0
BRDA:14,0,1,0
BRDA:14,1,0,0
BRDA:14,1,1,0
BRDA:17,2,0,0
BRDA:17,2,1,0
BRDA:17,3,0,0
BRDA:17,3,1,0
BRDA:20,4,0,0
BRDA:20,4,1,0
BRDA:20,5,0,0
BRDA:20,5,1,0
BRDA:32,6,0,0
BRDA:32,6,1,0
BRDA:32,7,0,0
BRDA:32,7,1,0
BRDA:35,8,0,0
BRDA:35,8,1,0
BRDA:38,9,0,0
BRDA:38,9,1,0
BRDA:66,10,0,0
BRDA:66,10,1,0
BRDA:68,11,0,0
BRDA:68,11,1,0
BRDA:74,12,0,0
BRDA:74,12,1,0
BRDA:82,13,0,0
BRDA:82,13,1,0
BRDA:90,14,0,0
BRDA:90,14,1,0
BRDA:116,15,0,0
BRDA:116,15,1,0
BRDA:122,16,0,0
BRDA:122,16,1,0
BRDA:128,17,0,0
BRDA:128,17,1,0
BRDA:134,18,0,0
BRDA:134,18,1,0
BRDA:152,19,0,0
BRDA:153,20,0,0
BRDA:159,21,0,0
BRDA:159,21,1,0
BRDA:172,22,0,0
BRF:43
BRH:0
end_of_record
TN:
SF:lib/queryKeys.ts
FN:7,(anonymous_1)
FN:8,(anonymous_2)
FN:9,(anonymous_3)
FN:12,(anonymous_4)
FN:13,(anonymous_5)
FN:17,(anonymous_6)
FN:28,(anonymous_7)
FN:32,(anonymous_8)
FN:33,(anonymous_9)
FN:37,(anonymous_10)
FN:38,(anonymous_11)
FN:39,(anonymous_12)
FN:40,(anonymous_13)
FN:44,(anonymous_14)
FN:45,(anonymous_15)
FN:46,(anonymous_16)
FN:47,(anonymous_17)
FN:48,(anonymous_18)
FN:49,(anonymous_19)
FN:50,(anonymous_20)
FN:51,(anonymous_21)
FN:55,(anonymous_22)
FN:56,(anonymous_23)
FNF:23
FNH:23
FNDA:49,(anonymous_1)
FNDA:103,(anonymous_2)
FNDA:70,(anonymous_3)
FNDA:21,(anonymous_4)
FNDA:91,(anonymous_5)
FNDA:39,(anonymous_6)
FNDA:1,(anonymous_7)
FNDA:3,(anonymous_8)
FNDA:1,(anonymous_9)
FNDA:3,(anonymous_10)
FNDA:1,(anonymous_11)
FNDA:1,(anonymous_12)
FNDA:1,(anonymous_13)
FNDA:1,(anonymous_14)
FNDA:1,(anonymous_15)
FNDA:1,(anonymous_16)
FNDA:2,(anonymous_17)
FNDA:2,(anonymous_18)
FNDA:2,(anonymous_19)
FNDA:2,(anonymous_20)
FNDA:2,(anonymous_21)
FNDA:6,(anonymous_22)
FNDA:1,(anonymous_23)
DA:7,49
DA:8,103
DA:9,70
DA:12,21
DA:13,91
DA:16,334
DA:17,39
DA:28,1
DA:32,3
DA:33,1
DA:37,3
DA:38,1
DA:39,1
DA:40,1
DA:44,1
DA:45,1
DA:46,1
DA:47,2
DA:48,2
DA:49,2
DA:50,2
DA:51,2
DA:55,6
DA:56,1
LF:24
LH:24
BRDA:37,0,0,3
BRDA:37,0,1,1
BRDA:47,1,0,1
BRDA:48,2,0,1
BRDA:49,3,0,1
BRDA:50,4,0,1
BRDA:51,5,0,1
BRF:7
BRH:7
end_of_record
TN:
SF:lib/queryUtils.ts
FN:11,refetchQueries
FN:16,(anonymous_5)
FN:27,invalidateQueries
FN:32,(anonymous_7)
FN:41,(anonymous_8)
FN:48,(anonymous_9)
FN:57,(anonymous_10)
FN:65,(anonymous_11)
FN:73,(anonymous_12)
FN:82,(anonymous_13)
FN:92,(anonymous_14)
FN:95,(anonymous_15)
FN:98,(anonymous_16)
FN:107,(anonymous_17)
FNF:14
FNH:0
FNDA:0,refetchQueries
FNDA:0,(anonymous_5)
FNDA:0,invalidateQueries
FNDA:0,(anonymous_7)
FNDA:0,(anonymous_8)
FNDA:0,(anonymous_9)
FNDA:0,(anonymous_10)
FNDA:0,(anonymous_11)
FNDA:0,(anonymous_12)
FNDA:0,(anonymous_13)
FNDA:0,(anonymous_14)
FNDA:0,(anonymous_15)
FNDA:0,(anonymous_16)
FNDA:0,(anonymous_17)
DA:2,0
DA:11,0
DA:15,0
DA:16,0
DA:27,0
DA:31,0
DA:32,0
DA:39,0
DA:41,0
DA:48,0
DA:57,0
DA:65,0
DA:73,0
DA:82,0
DA:92,0
DA:95,0
DA:98,0
DA:107,0
LF:18
LH:0
BRF:0
BRH:0
end_of_record
TN:
SF:lib/server-actions.ts
FN:33,getAccessToken
FN:49,extractErrorMessage
FN:79,authenticatedFetch
FN:103,authPost
FN:110,authPut
FN:117,authDelete
FN:124,authGet
FN:136,executeAction
FN:154,success
FN:161,failure
FNF:10
FNH:0
FNDA:0,getAccessToken
FNDA:0,extractErrorMessage
FNDA:0,authenticatedFetch
FNDA:0,authPost
FNDA:0,authPut
FNDA:0,authDelete
FNDA:0,authGet
FNDA:0,executeAction
FNDA:0,success
FNDA:0,failure
DA:10,0
DA:12,0
DA:33,0
DA:34,0
DA:35,0
DA:36,0
DA:38,0
DA:49,0
DA:53,0
DA:54,0
DA:55,0
DA:57,0
DA:58,0
DA:59,0
DA:61,0
DA:83,0
DA:85,0
DA:93,0
DA:94,0
DA:97,0
DA:103,0
DA:104,0
DA:110,0
DA:111,0
DA:117,0
DA:118,0
DA:124,0
DA:125,0
DA:136,0
DA:140,0
DA:141,0
DA:143,0
DA:144,0
DA:154,0
DA:155,0
DA:161,0
DA:162,0
LF:37
LH:0
BRDA:12,0,0,0
BRDA:12,0,1,0
BRDA:35,1,0,0
BRDA:35,1,1,0
BRDA:55,2,0,0
BRDA:55,2,1,0
BRDA:55,2,2,0
BRDA:59,3,0,0
BRDA:59,3,1,0
BRDA:93,4,0,0
BRDA:93,4,1,0
BRDA:146,5,0,0
BRDA:146,5,1,0
BRF:13
BRH:0
end_of_record
TN:
SF:lib/server-api.ts
FN:11,get
FN:21,(anonymous_15)
FN:25,(anonymous_16)
FN:26,(anonymous_17)
FN:27,(anonymous_18)
FN:28,(anonymous_19)
FN:29,(anonymous_20)
FN:30,(anonymous_21)
FN:31,(anonymous_22)
FN:32,(anonymous_23)
FN:33,(anonymous_24)
FN:34,(anonymous_25)
FN:35,(anonymous_26)
FN:36,(anonymous_27)
FN:37,(anonymous_28)
FNF:15
FNH:0
FNDA:0,get
FNDA:0,(anonymous_15)
FNDA:0,(anonymous_16)
FNDA:0,(anonymous_17)
FNDA:0,(anonymous_18)
FNDA:0,(anonymous_19)
FNDA:0,(anonymous_20)
FNDA:0,(anonymous_21)
FNDA:0,(anonymous_22)
FNDA:0,(anonymous_23)
FNDA:0,(anonymous_24)
FNDA:0,(anonymous_25)
FNDA:0,(anonymous_26)
FNDA:0,(anonymous_27)
FNDA:0,(anonymous_28)
DA:1,0
DA:2,0
DA:9,0
DA:12,0
DA:13,0
DA:14,0
DA:16,0
DA:21,0
DA:22,0
DA:25,0
DA:26,0
DA:27,0
DA:28,0
DA:29,0
DA:30,0
DA:31,0
DA:32,0
DA:33,0
DA:34,0
DA:35,0
DA:36,0
DA:37,0
LF:22
LH:0
BRDA:9,0,0,0
BRDA:9,0,1,0
BRDA:14,1,0,0
BRDA:14,1,1,0
BRDA:21,2,0,0
BRDA:21,2,1,0
BRF:6
BRH:0
end_of_record
TN:
SF:lib/token-manager.tsx
FN:34,TokenProvider
FN:41,(anonymous_8)
FN:47,(anonymous_9)
FN:69,(anonymous_10)
FN:73,(anonymous_11)
FN:159,(anonymous_12)
FN:179,(anonymous_13)
FN:197,useTokenManager
FN:206,useAuthenticatedFetch
FN:210,(anonymous_16)
FNF:10
FNH:0
FNDA:0,TokenProvider
FNDA:0,(anonymous_8)
FNDA:0,(anonymous_9)
FNDA:0,(anonymous_10)
FNDA:0,(anonymous_11)
FNDA:0,(anonymous_12)
FNDA:0,(anonymous_13)
FNDA:0,useTokenManager
FNDA:0,useAuthenticatedFetch
FNDA:0,(anonymous_16)
DA:10,0
DA:11,0
DA:24,0
DA:29,0
DA:34,0
DA:35,0
DA:36,0
DA:37,0
DA:38,0
DA:41,0
DA:43,0
DA:44,0
DA:47,0
DA:48,0
DA:49,0
DA:52,0
DA:53,0
DA:54,0
DA:55,0
DA:57,0
DA:59,0
DA:61,0
DA:65,0
DA:69,0
DA:70,0
DA:73,0
DA:74,0
DA:76,0
DA:77,0
DA:81,0
DA:85,0
DA:86,0
DA:89,0
DA:96,0
DA:97,0
DA:98,0
DA:101,0
DA:102,0
DA:104,0
DA:109,0
DA:110,0
DA:111,0
DA:112,0
DA:114,0
DA:115,0
DA:116,0
DA:117,0
DA:121,0
DA:122,0
DA:124,0
DA:127,0
DA:128,0
DA:129,0
DA:130,0
DA:133,0
DA:135,0
DA:139,0
DA:140,0
DA:144,0
DA:145,0
DA:148,0
DA:149,0
DA:151,0
DA:152,0
DA:153,0
DA:155,0
DA:159,0
DA:161,0
DA:166,0
DA:170,0
DA:171,0
DA:175,0
DA:176,0
DA:179,0
DA:180,0
DA:181,0
DA:197,0
DA:198,0
DA:199,0
DA:200,0
DA:202,0
DA:206,0
DA:207,0
DA:209,0
DA:211,0
DA:213,0
DA:214,0
DA:217,0
DA:218,0
DA:220,0
LF:90
LH:0
BRDA:43,0,0,0
BRDA:43,0,1,0
BRDA:52,1,0,0
BRDA:52,1,1,0
BRDA:76,2,0,0
BRDA:76,2,1,0
BRDA:85,3,0,0
BRDA:85,3,1,0
BRDA:96,4,0,0
BRDA:96,4,1,0
BRDA:101,5,0,0
BRDA:101,5,1,0
BRDA:109,6,0,0
BRDA:109,6,1,0
BRDA:115,7,0,0
BRDA:115,7,1,0
BRDA:116,8,0,0
BRDA:116,8,1,0
BRDA:127,9,0,0
BRDA:127,9,1,0
BRDA:135,10,0,0
BRDA:135,10,1,0
BRDA:139,11,0,0
BRDA:139,11,1,0
BRDA:161,12,0,0
BRDA:161,12,1,0
BRDA:162,13,0,0
BRDA:162,13,1,0
BRDA:162,13,2,0
BRDA:170,14,0,0
BRDA:170,14,1,0
BRDA:199,15,0,0
BRDA:199,15,1,0
BRDA:210,16,0,0
BRDA:213,17,0,0
BRDA:213,17,1,0
BRF:36
BRH:0
end_of_record
TN:
SF:providers/AppProviders.tsx
FN:14,AppProviders
FNF:1
FNH:1
FNDA:10,AppProviders
DA:3,1
DA:4,1
DA:5,1
DA:6,1
DA:7,1
DA:8,1
DA:14,10
LF:7
LH:7
BRF:0
BRH:0
end_of_record
TN:
SF:providers/CurrentUserProvider.tsx
FN:26,CurrentUserProvider
FN:49,(anonymous_4)
FN:55,(anonymous_5)
FN:62,(anonymous_6)
FN:107,(anonymous_7)
FN:110,useCurrentUser
FNF:6
FNH:5
FNDA:10,CurrentUserProvider
FNDA:0,(anonymous_4)
FNDA:10,(anonymous_5)
FNDA:10,(anonymous_6)
FNDA:1,(anonymous_7)
FNDA:12,useCurrentUser
DA:3,1
DA:4,1
DA:5,1
DA:6,1
DA:7,1
DA:8,1
DA:24,1
DA:26,10
DA:27,10
DA:28,10
DA:31,10
DA:41,10
DA:47,10
DA:49,0
DA:55,10
DA:56,10
DA:57,0
DA:62,10
DA:63,10
DA:64,0
DA:68,10
DA:71,10
DA:74,10
DA:76,10
DA:97,1
DA:110,12
DA:111,12
DA:112,12
DA:113,2
DA:115,10
LF:30
LH:27
BRDA:28,0,0,10
BRDA:28,0,1,9
BRDA:50,1,0,10
BRDA:50,1,1,9
BRDA:50,1,2,0
BRDA:56,2,0,0
BRDA:56,2,1,10
BRDA:56,3,0,10
BRDA:56,3,1,0
BRDA:63,4,0,0
BRDA:63,4,1,10
BRDA:63,5,0,10
BRDA:63,5,1,7
BRDA:63,5,2,3
BRDA:68,6,0,10
BRDA:68,6,1,6
BRDA:71,7,0,0
BRDA:71,7,1,10
BRDA:71,8,0,10
BRDA:71,8,1,0
BRDA:74,9,0,10
BRDA:74,9,1,6
BRDA:79,10,0,10
BRDA:79,10,1,9
BRDA:79,10,2,0
BRDA:112,11,0,2
BRDA:112,11,1,10
BRF:27
BRH:20
end_of_record
TN:
SF:providers/ImpersonationProvider.tsx
FN:19,ImpersonationProvider
FN:23,(anonymous_4)
FN:33,(anonymous_5)
FN:39,(anonymous_6)
FN:64,(anonymous_7)
FN:65,(anonymous_8)
FN:67,(anonymous_9)
FN:70,useImpersonation
FNF:8
FNH:8
FNDA:43,ImpersonationProvider
FNDA:28,(anonymous_4)
FNDA:8,(anonymous_5)
FNDA:4,(anonymous_6)
FNDA:1,(anonymous_7)
FNDA:1,(anonymous_8)
FNDA:1,(anonymous_9)
FNDA:47,useImpersonation
DA:3,2
DA:6,2
DA:17,2
DA:19,28
DA:20,43
DA:21,43
DA:23,43
DA:24,28
DA:25,28
DA:26,3
DA:27,3
DA:28,2
DA:33,43
DA:34,8
DA:35,8
DA:36,8
DA:39,43
DA:40,4
DA:41,4
DA:42,4
DA:45,43
DA:61,2
DA:70,47
DA:71,47
DA:72,47
DA:73,5
DA:75,42
LF:27
LH:27
BRDA:25,0,0,3
BRDA:25,0,1,25
BRDA:27,1,0,2
BRDA:27,1,1,1
BRDA:72,2,0,5
BRDA:72,2,1,42
BRF:6
BRH:6
end_of_record
TN:
SF:providers/OrganizationProvider.tsx
FN:45,OrganizationProvider
FN:79,(anonymous_4)
FN:110,(anonymous_5)
FN:113,(anonymous_6)
FN:116,(anonymous_7)
FN:117,(anonymous_8)
FN:118,(anonymous_9)
FN:121,(anonymous_10)
FN:124,useOrganization
FNF:9
FNH:9
FNDA:19,OrganizationProvider
FNDA:1,(anonymous_4)
FNDA:1,(anonymous_5)
FNDA:1,(anonymous_6)
FNDA:1,(anonymous_7)
FNDA:1,(anonymous_8)
FNDA:1,(anonymous_9)
FNDA:1,(anonymous_10)
FNDA:23,useOrganization
DA:3,1
DA:4,1
DA:5,1
DA:11,1
DA:12,1
DA:43,1
DA:45,19
DA:46,19
DA:47,19
DA:48,19
DA:54,19
DA:60,19
DA:68,19
DA:74,19
DA:76,19
DA:78,19
DA:79,1
DA:83,19
DA:107,1
DA:117,1
DA:124,23
DA:125,23
DA:126,23
DA:127,5
DA:129,18
LF:25
LH:25
BRDA:48,0,0,19
BRDA:48,0,1,16
BRDA:76,1,0,19
BRDA:76,1,1,17
BRDA:76,1,2,15
BRDA:76,1,3,14
BRDA:76,1,4,13
BRDA:85,2,0,19
BRDA:85,2,1,17
BRDA:88,3,0,19
BRDA:88,3,1,17
BRDA:91,4,0,19
BRDA:91,4,1,17
BRDA:126,5,0,5
BRDA:126,5,1,18
BRF:15
BRH:15
end_of_record
TN:
SF:providers/QueryProvider.tsx
FN:10,QueryProvider
FN:12,(anonymous_2)
FNF:2
FNH:2
FNDA:11,QueryProvider
FNDA:10,(anonymous_2)
DA:3,1
DA:4,1
DA:10,11
DA:11,11
DA:13,10
LF:5
LH:5
BRF:0
BRH:0
end_of_record
TN:
SF:shared/root.tsx
FN:19,RootLayout
FNF:1
FNH:0
FNDA:0,RootLayout
DA:2,0
DA:3,0
DA:4,0
DA:7,0
DA:14,0
DA:19,0
LF:6
LH:0
BRF:0
BRH:0
end_of_record
TN:
SF:shared/common/Avatar.tsx
FN:26,Avatar
FN:43,(anonymous_3)
FN:56,(anonymous_4)
FNF:3
FNH:3
FNDA:26,Avatar
FNDA:4,(anonymous_3)
FNDA:26,(anonymous_4)
DA:3,1
DA:4,1
DA:18,1
DA:26,1
DA:35,26
DA:36,26
DA:40,26
DA:41,26
DA:43,26
DA:44,4
DA:45,2
DA:46,2
DA:47,2
DA:48,1
DA:49,1
DA:51,1
DA:52,1
DA:56,26
DA:57,26
DA:58,20
DA:59,17
DA:60,15
DA:63,26
DA:65,26
DA:89,22
LF:25
LH:25
BRDA:32,0,0,21
BRDA:33,1,0,24
BRDA:37,2,0,10
BRDA:37,2,1,16
BRDA:37,3,0,1
BRDA:37,3,1,15
BRDA:37,4,0,1
BRDA:37,4,1,14
BRDA:44,5,0,2
BRDA:44,5,1,2
BRDA:44,6,0,4
BRDA:44,6,1,3
BRDA:47,7,0,1
BRDA:47,7,1,1
BRDA:47,8,0,2
BRDA:47,8,1,1
BRDA:47,8,2,2
BRDA:57,9,0,6
BRDA:57,9,1,20
BRDA:57,10,0,26
BRDA:57,10,1,6
BRDA:58,11,0,3
BRDA:58,11,1,17
BRDA:58,12,0,20
BRDA:58,12,1,3
BRDA:59,13,0,2
BRDA:59,13,1,15
BRDA:59,14,0,17
BRDA:59,14,1,2
BRDA:65,15,0,15
BRDA:65,15,1,11
BRDA:65,16,0,26
BRDA:65,16,1,25
BRF:33
BRH:33
end_of_record
TN:
SF:shared/common/ConfirmationModal.tsx
FN:21,ConfirmationModal
FN:37,(anonymous_2)
FN:40,(anonymous_3)
FN:47,(anonymous_4)
FN:50,(anonymous_5)
FN:56,(anonymous_6)
FN:62,(anonymous_7)
FNF:7
FNH:6
FNDA:43,ConfirmationModal
FNDA:43,(anonymous_2)
FNDA:1,(anonymous_3)
FNDA:36,(anonymous_4)
FNDA:43,(anonymous_5)
FNDA:42,(anonymous_6)
FNDA:0,(anonymous_7)
DA:3,1
DA:4,1
DA:21,43
DA:34,43
DA:35,43
DA:37,43
DA:38,43
DA:40,36
DA:41,1
DA:42,1
DA:46,36
DA:47,36
DA:50,43
DA:51,43
DA:53,42
DA:54,42
DA:56,42
DA:57,42
DA:61,43
DA:63,0
DA:65,0
DA:69,0
DA:71,0
DA:72,0
DA:74,0
DA:75,0
DA:76,0
DA:77,0
DA:80,0
DA:81,0
DA:82,0
DA:89,43
DA:91,42
DA:109,42
LF:34
LH:22
BRDA:27,0,0,42
BRDA:28,1,0,42
BRDA:29,2,0,40
BRDA:30,3,0,37
BRDA:32,4,0,42
BRDA:38,5,0,7
BRDA:38,5,1,36
BRDA:38,6,0,43
BRDA:38,6,1,42
BRDA:41,7,0,1
BRDA:41,7,1,0
BRDA:51,8,0,1
BRDA:51,8,1,42
BRDA:63,9,0,0
BRDA:63,9,1,0
BRDA:63,10,0,0
BRDA:63,10,1,0
BRDA:69,11,0,0
BRDA:69,11,1,0
BRDA:74,12,0,0
BRDA:74,12,1,0
BRDA:75,13,0,0
BRDA:75,13,1,0
BRDA:80,14,0,0
BRDA:80,14,1,0
BRDA:89,15,0,1
BRDA:89,15,1,42
BRDA:118,16,0,6
BRDA:118,16,1,36
BRDA:133,17,0,1
BRDA:171,18,0,6
BRDA:171,18,1,36
BRF:32
BRH:19
end_of_record
TN:
SF:shared/common/GroupedSection.tsx
FN:15,GroupedSection
FNF:1
FNH:1
FNDA:20,GroupedSection
DA:15,20
LF:1
LH:1
BRDA:19,0,0,19
BRDA:27,1,0,20
BRF:2
BRH:2
end_of_record
TN:
SF:shared/common/ImpersonationBanner.tsx
FN:6,ImpersonationBanner
FNF:1
FNH:1
FNDA:16,ImpersonationBanner
DA:3,1
DA:4,1
DA:6,16
DA:7,16
DA:9,16
DA:10,2
DA:13,14
LF:7
LH:7
BRDA:9,0,0,2
BRDA:9,0,1,14
BRDA:9,1,0,16
BRDA:9,1,1,15
BRF:4
BRH:4
end_of_record
TN:
SF:shared/common/Pagination.tsx
FN:11,Pagination
FN:25,(anonymous_2)
FN:34,(anonymous_3)
FNF:3
FNH:3
FNDA:23,Pagination
FNDA:3,(anonymous_2)
FNDA:3,(anonymous_3)
DA:3,1
DA:11,23
DA:16,23
DA:25,3
DA:34,3
LF:5
LH:5
BRDA:16,0,0,2
BRDA:16,0,1,21
BRF:2
BRH:2
end_of_record
TN:
SF:shared/common/Sidebar.tsx
FN:20,Sidebar
FNF:1
FNH:1
FNDA:45,Sidebar
DA:3,1
DA:4,1
DA:5,1
DA:6,1
DA:20,45
DA:21,45
LF:6
LH:6
BRDA:20,0,0,38
BRDA:25,1,0,45
BRDA:33,2,0,6
BRDA:33,2,1,39
BRDA:61,3,0,41
BRDA:61,3,1,4
BRDA:67,4,0,6
BRDA:67,4,1,39
BRDA:67,5,0,4
BRDA:67,5,1,35
BRDA:67,6,0,39
BRDA:67,6,1,35
BRDA:75,7,0,1
BRDA:75,7,1,44
BRDA:89,8,0,1
BRDA:89,8,1,44
BRDA:99,9,0,45
BRDA:104,10,0,1
BRDA:104,10,1,5
BRDA:119,11,0,1
BRDA:119,11,1,44
BRDA:129,12,0,45
BRDA:129,12,1,41
BRDA:134,13,0,0
BRDA:134,13,1,10
BRDA:145,14,0,45
BRDA:145,14,1,41
BRDA:150,15,0,0
BRDA:150,15,1,10
BRDA:167,16,0,45
BRDA:167,16,1,1
BRDA:168,17,0,45
BRDA:168,17,1,1
BRDA:173,18,0,44
BRDA:173,18,1,1
BRDA:173,19,0,45
BRDA:173,19,1,44
BRF:37
BRH:35
end_of_record
TN:
SF:test-utils/index.ts
FNF:0
FNH:0
DA:20,0
DA:24,0
DA:25,0
DA:26,0
DA:27,0
DA:28,0
DA:31,0
DA:34,0
LF:8
LH:0
BRF:0
BRH:0
end_of_record
TN:
SF:test-utils/query-wrapper.tsx
FN:15,(anonymous_6)
FN:46,(anonymous_7)
FN:70,(anonymous_8)
FN:81,(anonymous_10)
FN:84,(anonymous_11)
FNF:5
FNH:0
FNDA:0,(anonymous_6)
FNDA:0,(anonymous_7)
FNDA:0,(anonymous_8)
FNDA:0,(anonymous_10)
FNDA:0,(anonymous_11)
DA:6,0
DA:7,0
DA:15,0
DA:16,0
DA:46,0
DA:47,0
DA:70,0
DA:74,0
DA:75,0
DA:81,0
DA:82,0
DA:84,0
LF:12
LH:0
BRF:0
BRH:0
end_of_record
TN:
SF:test-utils/render.tsx
FN:33,(anonymous_7)
FN:39,(anonymous_8)
FN:84,customRender
FNF:3
FNH:0
FNDA:0,(anonymous_7)
FNDA:0,(anonymous_8)
FNDA:0,customRender
DA:6,0
DA:7,0
DA:8,0
DA:9,0
DA:33,0
DA:37,0
DA:39,0
DA:40,0
DA:50,0
DA:51,0
DA:84,0
DA:92,0
DA:94,0
DA:96,0
DA:98,0
DA:111,0
LF:16
LH:0
BRDA:40,0,0,0
BRDA:40,0,1,0
BRDA:86,1,0,0
BRDA:89,2,0,0
BRDA:90,3,0,0
BRF:5
BRH:0
end_of_record
